[2m2021-11-21 00:40:44.085[0;39m [32m INFO[0;39m [35m50772[0;39m [2m---[0;39m [2m[nio-9999-exec-1][0;39m [36mo.s.web.servlet.DispatcherServlet       [0;39m [2m:[0;39m Initializing Servlet 'dispatcherServlet'
[2m2021-11-21 00:40:44.100[0;39m [32m INFO[0;39m [35m50772[0;39m [2m---[0;39m [2m[nio-9999-exec-1][0;39m [36mo.s.web.servlet.DispatcherServlet       [0;39m [2m:[0;39m Completed initialization in 9 ms
[2m2021-11-21 00:40:44.491[0;39m [32mDEBUG[0;39m [35m50772[0;39m [2m---[0;39m [2m[nio-9999-exec-2][0;39m [36mc.ssafy.vue.controller.MemberController [0;39m [2m:[0;39m 로그인 토큰정보 : eyJ0eXAiOiJKV1QiLCJyZWdEYXRlIjoxNjM3NDIyODQ0NDYwLCJhbGciOiJIUzI1NiJ9.eyJleHAiOjE2Mzc0MjY0NDQsInN1YiI6ImFjY2Vzcy10b2tlbiIsInVzZXJpZCI6InNzYWZ5In0.XZQCKvHoH12Fg27z7oV_R0V7iKgFjBH7GtrLeJXrmYE
[2m2021-11-21 00:40:44.558[0;39m [32m INFO[0;39m [35m50772[0;39m [2m---[0;39m [2m[nio-9999-exec-4][0;39m [36mc.ssafy.vue.controller.MemberController [0;39m [2m:[0;39m 사용 가능한 토큰!!!
[2m2021-11-21 02:04:57.677[0;39m [32m INFO[0;39m [35m50772[0;39m [2m---[0;39m [2m[  restartedMain][0;39m [36mo.s.b.w.embedded.tomcat.TomcatWebServer [0;39m [2m:[0;39m Tomcat initialized with port(s): 9999 (http)
[2m2021-11-21 02:04:57.694[0;39m [32m INFO[0;39m [35m50772[0;39m [2m---[0;39m [2m[  restartedMain][0;39m [36mw.s.c.ServletWebServerApplicationContext[0;39m [2m:[0;39m Root WebApplicationContext: initialization completed in 445 ms
[2m2021-11-21 02:04:57.859[0;39m [32m INFO[0;39m [35m50772[0;39m [2m---[0;39m [2m[  restartedMain][0;39m [36mo.s.b.d.a.OptionalLiveReloadServer      [0;39m [2m:[0;39m LiveReload server is running on port 35729
[2m2021-11-21 02:04:57.924[0;39m [32m INFO[0;39m [35m50772[0;39m [2m---[0;39m [2m[  restartedMain][0;39m [36mo.s.b.w.embedded.tomcat.TomcatWebServer [0;39m [2m:[0;39m Tomcat started on port(s): 9999 (http) with context path '/vue'
[2m2021-11-21 02:04:57.976[0;39m [32m INFO[0;39m [35m50772[0;39m [2m---[0;39m [2m[  restartedMain][0;39m [36m.ConditionEvaluationDeltaLoggingListener[0;39m [2m:[0;39m Condition evaluation unchanged
[2m2021-11-21 02:05:28.993[0;39m [32m INFO[0;39m [35m50772[0;39m [2m---[0;39m [2m[  restartedMain][0;39m [36mo.s.b.w.embedded.tomcat.TomcatWebServer [0;39m [2m:[0;39m Tomcat initialized with port(s): 9999 (http)
[2m2021-11-21 02:05:29.009[0;39m [32m INFO[0;39m [35m50772[0;39m [2m---[0;39m [2m[  restartedMain][0;39m [36mw.s.c.ServletWebServerApplicationContext[0;39m [2m:[0;39m Root WebApplicationContext: initialization completed in 408 ms
[2m2021-11-21 02:05:29.161[0;39m [32m INFO[0;39m [35m50772[0;39m [2m---[0;39m [2m[  restartedMain][0;39m [36mo.s.b.d.a.OptionalLiveReloadServer      [0;39m [2m:[0;39m LiveReload server is running on port 35729
[2m2021-11-21 02:05:29.218[0;39m [32m INFO[0;39m [35m50772[0;39m [2m---[0;39m [2m[  restartedMain][0;39m [36mo.s.b.w.embedded.tomcat.TomcatWebServer [0;39m [2m:[0;39m Tomcat started on port(s): 9999 (http) with context path '/vue'
[2m2021-11-21 02:05:29.272[0;39m [32m INFO[0;39m [35m50772[0;39m [2m---[0;39m [2m[  restartedMain][0;39m [36m.ConditionEvaluationDeltaLoggingListener[0;39m [2m:[0;39m Condition evaluation unchanged
[2m2021-11-21 02:09:24.535[0;39m [32m INFO[0;39m [35m50772[0;39m [2m---[0;39m [2m[  restartedMain][0;39m [36mo.s.b.w.embedded.tomcat.TomcatWebServer [0;39m [2m:[0;39m Tomcat initialized with port(s): 9999 (http)
[2m2021-11-21 02:09:24.552[0;39m [32m INFO[0;39m [35m50772[0;39m [2m---[0;39m [2m[  restartedMain][0;39m [36mw.s.c.ServletWebServerApplicationContext[0;39m [2m:[0;39m Root WebApplicationContext: initialization completed in 384 ms
[2m2021-11-21 02:09:24.698[0;39m [32m INFO[0;39m [35m50772[0;39m [2m---[0;39m [2m[  restartedMain][0;39m [36mo.s.b.d.a.OptionalLiveReloadServer      [0;39m [2m:[0;39m LiveReload server is running on port 35729
[2m2021-11-21 02:09:24.748[0;39m [32m INFO[0;39m [35m50772[0;39m [2m---[0;39m [2m[  restartedMain][0;39m [36mo.s.b.w.embedded.tomcat.TomcatWebServer [0;39m [2m:[0;39m Tomcat started on port(s): 9999 (http) with context path '/vue'
[2m2021-11-21 02:09:24.795[0;39m [32m INFO[0;39m [35m50772[0;39m [2m---[0;39m [2m[  restartedMain][0;39m [36m.ConditionEvaluationDeltaLoggingListener[0;39m [2m:[0;39m Condition evaluation unchanged
[2m2021-11-21 02:09:47.492[0;39m [32m INFO[0;39m [35m50772[0;39m [2m---[0;39m [2m[  restartedMain][0;39m [36mo.s.b.w.embedded.tomcat.TomcatWebServer [0;39m [2m:[0;39m Tomcat initialized with port(s): 9999 (http)
[2m2021-11-21 02:09:47.506[0;39m [32m INFO[0;39m [35m50772[0;39m [2m---[0;39m [2m[  restartedMain][0;39m [36mw.s.c.ServletWebServerApplicationContext[0;39m [2m:[0;39m Root WebApplicationContext: initialization completed in 348 ms
[2m2021-11-21 02:09:47.649[0;39m [32m INFO[0;39m [35m50772[0;39m [2m---[0;39m [2m[  restartedMain][0;39m [36mo.s.b.d.a.OptionalLiveReloadServer      [0;39m [2m:[0;39m LiveReload server is running on port 35729
[2m2021-11-21 02:09:47.698[0;39m [32m INFO[0;39m [35m50772[0;39m [2m---[0;39m [2m[  restartedMain][0;39m [36mo.s.b.w.embedded.tomcat.TomcatWebServer [0;39m [2m:[0;39m Tomcat started on port(s): 9999 (http) with context path '/vue'
[2m2021-11-21 02:09:47.741[0;39m [32m INFO[0;39m [35m50772[0;39m [2m---[0;39m [2m[  restartedMain][0;39m [36m.ConditionEvaluationDeltaLoggingListener[0;39m [2m:[0;39m Condition evaluation unchanged
[2m2021-11-21 02:11:47.057[0;39m [32m INFO[0;39m [35m50772[0;39m [2m---[0;39m [2m[  restartedMain][0;39m [36mo.s.b.w.embedded.tomcat.TomcatWebServer [0;39m [2m:[0;39m Tomcat initialized with port(s): 9999 (http)
[2m2021-11-21 02:11:47.072[0;39m [32m INFO[0;39m [35m50772[0;39m [2m---[0;39m [2m[  restartedMain][0;39m [36mw.s.c.ServletWebServerApplicationContext[0;39m [2m:[0;39m Root WebApplicationContext: initialization completed in 349 ms
[2m2021-11-21 02:11:47.196[0;39m [32m INFO[0;39m [35m50772[0;39m [2m---[0;39m [2m[  restartedMain][0;39m [36mo.s.b.d.a.OptionalLiveReloadServer      [0;39m [2m:[0;39m LiveReload server is running on port 35729
[2m2021-11-21 02:11:47.237[0;39m [32m INFO[0;39m [35m50772[0;39m [2m---[0;39m [2m[  restartedMain][0;39m [36mo.s.b.w.embedded.tomcat.TomcatWebServer [0;39m [2m:[0;39m Tomcat started on port(s): 9999 (http) with context path '/vue'
[2m2021-11-21 02:11:47.273[0;39m [32m INFO[0;39m [35m50772[0;39m [2m---[0;39m [2m[  restartedMain][0;39m [36m.ConditionEvaluationDeltaLoggingListener[0;39m [2m:[0;39m Condition evaluation unchanged
[2m2021-11-21 03:22:44.920[0;39m [32m INFO[0;39m [35m50772[0;39m [2m---[0;39m [2m[  restartedMain][0;39m [36mo.s.b.w.embedded.tomcat.TomcatWebServer [0;39m [2m:[0;39m Tomcat initialized with port(s): 9999 (http)
[2m2021-11-21 03:22:44.937[0;39m [32m INFO[0;39m [35m50772[0;39m [2m---[0;39m [2m[  restartedMain][0;39m [36mw.s.c.ServletWebServerApplicationContext[0;39m [2m:[0;39m Root WebApplicationContext: initialization completed in 415 ms
[2m2021-11-21 03:22:45.084[0;39m [32m INFO[0;39m [35m50772[0;39m [2m---[0;39m [2m[  restartedMain][0;39m [36mo.s.b.d.a.OptionalLiveReloadServer      [0;39m [2m:[0;39m LiveReload server is running on port 35729
[2m2021-11-21 03:22:45.133[0;39m [32m INFO[0;39m [35m50772[0;39m [2m---[0;39m [2m[  restartedMain][0;39m [36mo.s.b.w.embedded.tomcat.TomcatWebServer [0;39m [2m:[0;39m Tomcat started on port(s): 9999 (http) with context path '/vue'
[2m2021-11-21 03:22:45.177[0;39m [32m INFO[0;39m [35m50772[0;39m [2m---[0;39m [2m[  restartedMain][0;39m [36m.ConditionEvaluationDeltaLoggingListener[0;39m [2m:[0;39m Condition evaluation unchanged
[2m2021-11-21 13:58:47.479[0;39m [32m INFO[0;39m [35m50772[0;39m [2m---[0;39m [2m[  restartedMain][0;39m [36mo.s.b.w.embedded.tomcat.TomcatWebServer [0;39m [2m:[0;39m Tomcat initialized with port(s): 9999 (http)
[2m2021-11-21 13:58:47.495[0;39m [32m INFO[0;39m [35m50772[0;39m [2m---[0;39m [2m[  restartedMain][0;39m [36mw.s.c.ServletWebServerApplicationContext[0;39m [2m:[0;39m Root WebApplicationContext: initialization completed in 504 ms
[2m2021-11-21 13:58:47.679[0;39m [32m INFO[0;39m [35m50772[0;39m [2m---[0;39m [2m[  restartedMain][0;39m [36mo.s.b.d.a.OptionalLiveReloadServer      [0;39m [2m:[0;39m LiveReload server is running on port 35729
[2m2021-11-21 13:58:47.732[0;39m [32m INFO[0;39m [35m50772[0;39m [2m---[0;39m [2m[  restartedMain][0;39m [36mo.s.b.w.embedded.tomcat.TomcatWebServer [0;39m [2m:[0;39m Tomcat started on port(s): 9999 (http) with context path '/vue'
[2m2021-11-21 13:58:47.774[0;39m [32m INFO[0;39m [35m50772[0;39m [2m---[0;39m [2m[  restartedMain][0;39m [36m.ConditionEvaluationDeltaLoggingListener[0;39m [2m:[0;39m Condition evaluation unchanged
[2m2021-11-21 14:12:28.382[0;39m [32m INFO[0;39m [35m50772[0;39m [2m---[0;39m [2m[nio-9999-exec-1][0;39m [36mo.s.web.servlet.DispatcherServlet       [0;39m [2m:[0;39m Initializing Servlet 'dispatcherServlet'
[2m2021-11-21 14:12:28.384[0;39m [32m INFO[0;39m [35m50772[0;39m [2m---[0;39m [2m[nio-9999-exec-1][0;39m [36mo.s.web.servlet.DispatcherServlet       [0;39m [2m:[0;39m Completed initialization in 1 ms
[2m2021-11-21 14:15:42.697[0;39m [32m INFO[0;39m [35m50772[0;39m [2m---[0;39m [2m[  restartedMain][0;39m [36mo.s.b.w.embedded.tomcat.TomcatWebServer [0;39m [2m:[0;39m Tomcat initialized with port(s): 9999 (http)
[2m2021-11-21 14:15:42.714[0;39m [32m INFO[0;39m [35m50772[0;39m [2m---[0;39m [2m[  restartedMain][0;39m [36mw.s.c.ServletWebServerApplicationContext[0;39m [2m:[0;39m Root WebApplicationContext: initialization completed in 393 ms
[2m2021-11-21 14:15:42.857[0;39m [32m INFO[0;39m [35m50772[0;39m [2m---[0;39m [2m[  restartedMain][0;39m [36mo.s.b.d.a.OptionalLiveReloadServer      [0;39m [2m:[0;39m LiveReload server is running on port 35729
[2m2021-11-21 14:15:42.904[0;39m [32m INFO[0;39m [35m50772[0;39m [2m---[0;39m [2m[  restartedMain][0;39m [36mo.s.b.w.embedded.tomcat.TomcatWebServer [0;39m [2m:[0;39m Tomcat started on port(s): 9999 (http) with context path '/vue'
[2m2021-11-21 14:15:42.944[0;39m [32m INFO[0;39m [35m50772[0;39m [2m---[0;39m [2m[  restartedMain][0;39m [36m.ConditionEvaluationDeltaLoggingListener[0;39m [2m:[0;39m Condition evaluation unchanged
[2m2021-11-21 14:16:22.971[0;39m [32m INFO[0;39m [35m50772[0;39m [2m---[0;39m [2m[nio-9999-exec-1][0;39m [36mo.s.web.servlet.DispatcherServlet       [0;39m [2m:[0;39m Initializing Servlet 'dispatcherServlet'
[2m2021-11-21 14:16:22.972[0;39m [32m INFO[0;39m [35m50772[0;39m [2m---[0;39m [2m[nio-9999-exec-1][0;39m [36mo.s.web.servlet.DispatcherServlet       [0;39m [2m:[0;39m Completed initialization in 1 ms
[2m2021-11-21 14:19:13.813[0;39m [32m INFO[0;39m [35m50772[0;39m [2m---[0;39m [2m[  restartedMain][0;39m [36mo.s.b.w.embedded.tomcat.TomcatWebServer [0;39m [2m:[0;39m Tomcat initialized with port(s): 9999 (http)
[2m2021-11-21 14:19:13.844[0;39m [32m INFO[0;39m [35m50772[0;39m [2m---[0;39m [2m[  restartedMain][0;39m [36mw.s.c.ServletWebServerApplicationContext[0;39m [2m:[0;39m Root WebApplicationContext: initialization completed in 404 ms
[2m2021-11-21 14:19:13.980[0;39m [32m INFO[0;39m [35m50772[0;39m [2m---[0;39m [2m[  restartedMain][0;39m [36mo.s.b.d.a.OptionalLiveReloadServer      [0;39m [2m:[0;39m LiveReload server is running on port 35729
[2m2021-11-21 14:19:14.026[0;39m [32m INFO[0;39m [35m50772[0;39m [2m---[0;39m [2m[  restartedMain][0;39m [36mo.s.b.w.embedded.tomcat.TomcatWebServer [0;39m [2m:[0;39m Tomcat started on port(s): 9999 (http) with context path '/vue'
[2m2021-11-21 14:19:14.068[0;39m [32m INFO[0;39m [35m50772[0;39m [2m---[0;39m [2m[  restartedMain][0;39m [36m.ConditionEvaluationDeltaLoggingListener[0;39m [2m:[0;39m Condition evaluation unchanged
[2m2021-11-21 14:19:18.467[0;39m [32m INFO[0;39m [35m50772[0;39m [2m---[0;39m [2m[nio-9999-exec-1][0;39m [36mo.s.web.servlet.DispatcherServlet       [0;39m [2m:[0;39m Initializing Servlet 'dispatcherServlet'
[2m2021-11-21 14:19:18.468[0;39m [32m INFO[0;39m [35m50772[0;39m [2m---[0;39m [2m[nio-9999-exec-1][0;39m [36mo.s.web.servlet.DispatcherServlet       [0;39m [2m:[0;39m Completed initialization in 1 ms
[2m2021-11-21 14:19:18.486[0;39m [31mERROR[0;39m [35m50772[0;39m [2m---[0;39m [2m[nio-9999-exec-1][0;39m [36mc.ssafy.vue.controller.MemberController [0;39m [2m:[0;39m 로그인 실패 : com.ssafy.vue.model.MemberDto@6853f565
[2m2021-11-21 14:19:47.020[0;39m [32m INFO[0;39m [35m50772[0;39m [2m---[0;39m [2m[  restartedMain][0;39m [36mo.s.b.w.embedded.tomcat.TomcatWebServer [0;39m [2m:[0;39m Tomcat initialized with port(s): 9999 (http)
[2m2021-11-21 14:19:47.037[0;39m [32m INFO[0;39m [35m50772[0;39m [2m---[0;39m [2m[  restartedMain][0;39m [36mw.s.c.ServletWebServerApplicationContext[0;39m [2m:[0;39m Root WebApplicationContext: initialization completed in 394 ms
[2m2021-11-21 14:19:47.171[0;39m [32m INFO[0;39m [35m50772[0;39m [2m---[0;39m [2m[  restartedMain][0;39m [36mo.s.b.d.a.OptionalLiveReloadServer      [0;39m [2m:[0;39m LiveReload server is running on port 35729
[2m2021-11-21 14:19:47.217[0;39m [32m INFO[0;39m [35m50772[0;39m [2m---[0;39m [2m[  restartedMain][0;39m [36mo.s.b.w.embedded.tomcat.TomcatWebServer [0;39m [2m:[0;39m Tomcat started on port(s): 9999 (http) with context path '/vue'
[2m2021-11-21 14:19:47.259[0;39m [32m INFO[0;39m [35m50772[0;39m [2m---[0;39m [2m[  restartedMain][0;39m [36m.ConditionEvaluationDeltaLoggingListener[0;39m [2m:[0;39m Condition evaluation unchanged
[2m2021-11-21 14:19:55.331[0;39m [32m INFO[0;39m [35m50772[0;39m [2m---[0;39m [2m[nio-9999-exec-1][0;39m [36mo.s.web.servlet.DispatcherServlet       [0;39m [2m:[0;39m Initializing Servlet 'dispatcherServlet'
[2m2021-11-21 14:19:55.332[0;39m [32m INFO[0;39m [35m50772[0;39m [2m---[0;39m [2m[nio-9999-exec-1][0;39m [36mo.s.web.servlet.DispatcherServlet       [0;39m [2m:[0;39m Completed initialization in 1 ms
[2m2021-11-21 14:19:55.355[0;39m [31mERROR[0;39m [35m50772[0;39m [2m---[0;39m [2m[nio-9999-exec-1][0;39m [36mc.ssafy.vue.controller.MemberController [0;39m [2m:[0;39m 로그인 실패 : user1
[2m2021-11-21 14:23:46.745[0;39m [32m INFO[0;39m [35m50772[0;39m [2m---[0;39m [2m[  restartedMain][0;39m [36mo.s.b.w.embedded.tomcat.TomcatWebServer [0;39m [2m:[0;39m Tomcat initialized with port(s): 9999 (http)
[2m2021-11-21 14:23:46.762[0;39m [32m INFO[0;39m [35m50772[0;39m [2m---[0;39m [2m[  restartedMain][0;39m [36mw.s.c.ServletWebServerApplicationContext[0;39m [2m:[0;39m Root WebApplicationContext: initialization completed in 392 ms
[2m2021-11-21 14:23:46.904[0;39m [32m INFO[0;39m [35m50772[0;39m [2m---[0;39m [2m[  restartedMain][0;39m [36mo.s.b.d.a.OptionalLiveReloadServer      [0;39m [2m:[0;39m LiveReload server is running on port 35729
[2m2021-11-21 14:23:46.950[0;39m [32m INFO[0;39m [35m50772[0;39m [2m---[0;39m [2m[  restartedMain][0;39m [36mo.s.b.w.embedded.tomcat.TomcatWebServer [0;39m [2m:[0;39m Tomcat started on port(s): 9999 (http) with context path '/vue'
[2m2021-11-21 14:23:46.986[0;39m [32m INFO[0;39m [35m50772[0;39m [2m---[0;39m [2m[  restartedMain][0;39m [36m.ConditionEvaluationDeltaLoggingListener[0;39m [2m:[0;39m Condition evaluation unchanged
[2m2021-11-21 14:24:01.883[0;39m [32m INFO[0;39m [35m50772[0;39m [2m---[0;39m [2m[nio-9999-exec-1][0;39m [36mo.s.web.servlet.DispatcherServlet       [0;39m [2m:[0;39m Initializing Servlet 'dispatcherServlet'
[2m2021-11-21 14:24:01.885[0;39m [32m INFO[0;39m [35m50772[0;39m [2m---[0;39m [2m[nio-9999-exec-1][0;39m [36mo.s.web.servlet.DispatcherServlet       [0;39m [2m:[0;39m Completed initialization in 1 ms
[2m2021-11-21 14:24:01.908[0;39m [31mERROR[0;39m [35m50772[0;39m [2m---[0;39m [2m[nio-9999-exec-1][0;39m [36mc.ssafy.vue.controller.MemberController [0;39m [2m:[0;39m 회원가입 실패 : user3
[2m2021-11-21 14:24:37.028[0;39m [31mERROR[0;39m [35m50772[0;39m [2m---[0;39m [2m[nio-9999-exec-2][0;39m [36mc.ssafy.vue.controller.MemberController [0;39m [2m:[0;39m 회원가입 실패 : user3
[2m2021-11-21 14:24:44.107[0;39m [31mERROR[0;39m [35m50772[0;39m [2m---[0;39m [2m[nio-9999-exec-3][0;39m [36mc.ssafy.vue.controller.MemberController [0;39m [2m:[0;39m 회원가입 실패 : user3
[2m2021-11-21 14:25:18.668[0;39m [32m INFO[0;39m [35m50772[0;39m [2m---[0;39m [2m[  restartedMain][0;39m [36mo.s.b.w.embedded.tomcat.TomcatWebServer [0;39m [2m:[0;39m Tomcat initialized with port(s): 9999 (http)
[2m2021-11-21 14:25:18.686[0;39m [32m INFO[0;39m [35m50772[0;39m [2m---[0;39m [2m[  restartedMain][0;39m [36mw.s.c.ServletWebServerApplicationContext[0;39m [2m:[0;39m Root WebApplicationContext: initialization completed in 381 ms
[2m2021-11-21 14:25:18.824[0;39m [32m INFO[0;39m [35m50772[0;39m [2m---[0;39m [2m[  restartedMain][0;39m [36mo.s.b.d.a.OptionalLiveReloadServer      [0;39m [2m:[0;39m LiveReload server is running on port 35729
[2m2021-11-21 14:25:18.873[0;39m [32m INFO[0;39m [35m50772[0;39m [2m---[0;39m [2m[  restartedMain][0;39m [36mo.s.b.w.embedded.tomcat.TomcatWebServer [0;39m [2m:[0;39m Tomcat started on port(s): 9999 (http) with context path '/vue'
[2m2021-11-21 14:25:18.912[0;39m [32m INFO[0;39m [35m50772[0;39m [2m---[0;39m [2m[  restartedMain][0;39m [36m.ConditionEvaluationDeltaLoggingListener[0;39m [2m:[0;39m Condition evaluation unchanged
[2m2021-11-21 14:26:28.515[0;39m [32m INFO[0;39m [35m50772[0;39m [2m---[0;39m [2m[nio-9999-exec-1][0;39m [36mo.s.web.servlet.DispatcherServlet       [0;39m [2m:[0;39m Initializing Servlet 'dispatcherServlet'
[2m2021-11-21 14:26:28.517[0;39m [32m INFO[0;39m [35m50772[0;39m [2m---[0;39m [2m[nio-9999-exec-1][0;39m [36mo.s.web.servlet.DispatcherServlet       [0;39m [2m:[0;39m Completed initialization in 1 ms
[2m2021-11-21 14:26:28.541[0;39m [32m INFO[0;39m [35m50772[0;39m [2m---[0;39m [2m[nio-9999-exec-1][0;39m [36mc.ssafy.vue.controller.MemberController [0;39m [2m:[0;39m 회원가입 성공 : user4
[2m2021-11-21 14:27:05.812[0;39m [31mERROR[0;39m [35m50772[0;39m [2m---[0;39m [2m[nio-9999-exec-2][0;39m [36mc.ssafy.vue.controller.MemberController [0;39m [2m:[0;39m 회원가입 실패 : user4 존재
[2m2021-11-21 14:27:21.359[0;39m [32m INFO[0;39m [35m50772[0;39m [2m---[0;39m [2m[nio-9999-exec-3][0;39m [36mc.ssafy.vue.controller.MemberController [0;39m [2m:[0;39m 회원가입 성공 : user5
[2m2021-11-21 14:28:52.866[0;39m [32m INFO[0;39m [35m50772[0;39m [2m---[0;39m [2m[  restartedMain][0;39m [36mo.s.b.w.embedded.tomcat.TomcatWebServer [0;39m [2m:[0;39m Tomcat initialized with port(s): 9999 (http)
[2m2021-11-21 14:28:52.897[0;39m [32m INFO[0;39m [35m50772[0;39m [2m---[0;39m [2m[  restartedMain][0;39m [36mw.s.c.ServletWebServerApplicationContext[0;39m [2m:[0;39m Root WebApplicationContext: initialization completed in 396 ms
[2m2021-11-21 14:28:53.032[0;39m [32m INFO[0;39m [35m50772[0;39m [2m---[0;39m [2m[  restartedMain][0;39m [36mo.s.b.d.a.OptionalLiveReloadServer      [0;39m [2m:[0;39m LiveReload server is running on port 35729
[2m2021-11-21 14:28:53.077[0;39m [32m INFO[0;39m [35m50772[0;39m [2m---[0;39m [2m[  restartedMain][0;39m [36mo.s.b.w.embedded.tomcat.TomcatWebServer [0;39m [2m:[0;39m Tomcat started on port(s): 9999 (http) with context path '/vue'
[2m2021-11-21 14:28:53.111[0;39m [32m INFO[0;39m [35m50772[0;39m [2m---[0;39m [2m[  restartedMain][0;39m [36m.ConditionEvaluationDeltaLoggingListener[0;39m [2m:[0;39m Condition evaluation unchanged
[2m2021-11-21 14:29:13.969[0;39m [32m INFO[0;39m [35m50772[0;39m [2m---[0;39m [2m[nio-9999-exec-1][0;39m [36mo.s.web.servlet.DispatcherServlet       [0;39m [2m:[0;39m Initializing Servlet 'dispatcherServlet'
[2m2021-11-21 14:29:13.971[0;39m [32m INFO[0;39m [35m50772[0;39m [2m---[0;39m [2m[nio-9999-exec-1][0;39m [36mo.s.web.servlet.DispatcherServlet       [0;39m [2m:[0;39m Completed initialization in 1 ms
[2m2021-11-21 14:29:13.997[0;39m [32m INFO[0;39m [35m50772[0;39m [2m---[0;39m [2m[nio-9999-exec-1][0;39m [36mc.ssafy.vue.controller.MemberController [0;39m [2m:[0;39m 회원가입 성공 : user6
[2m2021-11-21 14:32:55.691[0;39m [32m INFO[0;39m [35m50772[0;39m [2m---[0;39m [2m[nio-9999-exec-3][0;39m [36mc.ssafy.vue.controller.MemberController [0;39m [2m:[0;39m 회원가입 성공 : user7
[2m2021-11-21 14:35:56.213[0;39m [32m INFO[0;39m [35m50772[0;39m [2m---[0;39m [2m[  restartedMain][0;39m [36mo.s.b.w.embedded.tomcat.TomcatWebServer [0;39m [2m:[0;39m Tomcat initialized with port(s): 9999 (http)
[2m2021-11-21 14:35:56.231[0;39m [32m INFO[0;39m [35m50772[0;39m [2m---[0;39m [2m[  restartedMain][0;39m [36mw.s.c.ServletWebServerApplicationContext[0;39m [2m:[0;39m Root WebApplicationContext: initialization completed in 502 ms
[2m2021-11-21 14:35:56.386[0;39m [32m INFO[0;39m [35m50772[0;39m [2m---[0;39m [2m[  restartedMain][0;39m [36mo.s.b.d.a.OptionalLiveReloadServer      [0;39m [2m:[0;39m LiveReload server is running on port 35729
[2m2021-11-21 14:35:56.436[0;39m [32m INFO[0;39m [35m50772[0;39m [2m---[0;39m [2m[  restartedMain][0;39m [36mo.s.b.w.embedded.tomcat.TomcatWebServer [0;39m [2m:[0;39m Tomcat started on port(s): 9999 (http) with context path '/vue'
[2m2021-11-21 14:35:56.475[0;39m [32m INFO[0;39m [35m50772[0;39m [2m---[0;39m [2m[  restartedMain][0;39m [36m.ConditionEvaluationDeltaLoggingListener[0;39m [2m:[0;39m Condition evaluation unchanged
[2m2021-11-21 14:37:08.954[0;39m [32m INFO[0;39m [35m50772[0;39m [2m---[0;39m [2m[nio-9999-exec-1][0;39m [36mo.s.web.servlet.DispatcherServlet       [0;39m [2m:[0;39m Initializing Servlet 'dispatcherServlet'
[2m2021-11-21 14:37:08.956[0;39m [32m INFO[0;39m [35m50772[0;39m [2m---[0;39m [2m[nio-9999-exec-1][0;39m [36mo.s.web.servlet.DispatcherServlet       [0;39m [2m:[0;39m Completed initialization in 1 ms
[2m2021-11-21 14:37:08.974[0;39m [31mERROR[0;39m [35m50772[0;39m [2m---[0;39m [2m[nio-9999-exec-1][0;39m [36mc.ssafy.vue.controller.MemberController [0;39m [2m:[0;39m 회원가입 실패 : user1 존재
[2m2021-11-21 14:39:08.694[0;39m [32m INFO[0;39m [35m50772[0;39m [2m---[0;39m [2m[  restartedMain][0;39m [36mo.s.b.w.embedded.tomcat.TomcatWebServer [0;39m [2m:[0;39m Tomcat initialized with port(s): 9999 (http)
[2m2021-11-21 14:39:08.711[0;39m [32m INFO[0;39m [35m50772[0;39m [2m---[0;39m [2m[  restartedMain][0;39m [36mw.s.c.ServletWebServerApplicationContext[0;39m [2m:[0;39m Root WebApplicationContext: initialization completed in 393 ms
[2m2021-11-21 14:39:08.845[0;39m [32m INFO[0;39m [35m50772[0;39m [2m---[0;39m [2m[  restartedMain][0;39m [36mo.s.b.d.a.OptionalLiveReloadServer      [0;39m [2m:[0;39m LiveReload server is running on port 35729
[2m2021-11-21 14:39:08.891[0;39m [32m INFO[0;39m [35m50772[0;39m [2m---[0;39m [2m[  restartedMain][0;39m [36mo.s.b.w.embedded.tomcat.TomcatWebServer [0;39m [2m:[0;39m Tomcat started on port(s): 9999 (http) with context path '/vue'
[2m2021-11-21 14:39:08.925[0;39m [32m INFO[0;39m [35m50772[0;39m [2m---[0;39m [2m[  restartedMain][0;39m [36m.ConditionEvaluationDeltaLoggingListener[0;39m [2m:[0;39m Condition evaluation unchanged
[2m2021-11-21 14:39:11.593[0;39m [32m INFO[0;39m [35m50772[0;39m [2m---[0;39m [2m[nio-9999-exec-1][0;39m [36mo.s.web.servlet.DispatcherServlet       [0;39m [2m:[0;39m Initializing Servlet 'dispatcherServlet'
[2m2021-11-21 14:39:11.595[0;39m [32m INFO[0;39m [35m50772[0;39m [2m---[0;39m [2m[nio-9999-exec-1][0;39m [36mo.s.web.servlet.DispatcherServlet       [0;39m [2m:[0;39m Completed initialization in 1 ms
[2m2021-11-21 14:39:11.615[0;39m [31mERROR[0;39m [35m50772[0;39m [2m---[0;39m [2m[nio-9999-exec-1][0;39m [36mc.ssafy.vue.controller.MemberController [0;39m [2m:[0;39m 회원가입 실패 : user1 존재
[2m2021-11-21 14:39:36.722[0;39m [32m INFO[0;39m [35m50772[0;39m [2m---[0;39m [2m[  restartedMain][0;39m [36mo.s.b.w.embedded.tomcat.TomcatWebServer [0;39m [2m:[0;39m Tomcat initialized with port(s): 9999 (http)
[2m2021-11-21 14:39:36.748[0;39m [32m INFO[0;39m [35m50772[0;39m [2m---[0;39m [2m[  restartedMain][0;39m [36mw.s.c.ServletWebServerApplicationContext[0;39m [2m:[0;39m Root WebApplicationContext: initialization completed in 340 ms
[2m2021-11-21 14:39:36.879[0;39m [32m INFO[0;39m [35m50772[0;39m [2m---[0;39m [2m[  restartedMain][0;39m [36mo.s.b.d.a.OptionalLiveReloadServer      [0;39m [2m:[0;39m LiveReload server is running on port 35729
[2m2021-11-21 14:39:36.923[0;39m [32m INFO[0;39m [35m50772[0;39m [2m---[0;39m [2m[  restartedMain][0;39m [36mo.s.b.w.embedded.tomcat.TomcatWebServer [0;39m [2m:[0;39m Tomcat started on port(s): 9999 (http) with context path '/vue'
[2m2021-11-21 14:39:36.956[0;39m [32m INFO[0;39m [35m50772[0;39m [2m---[0;39m [2m[  restartedMain][0;39m [36m.ConditionEvaluationDeltaLoggingListener[0;39m [2m:[0;39m Condition evaluation unchanged
[2m2021-11-21 14:39:44.193[0;39m [32m INFO[0;39m [35m50772[0;39m [2m---[0;39m [2m[nio-9999-exec-1][0;39m [36mo.s.web.servlet.DispatcherServlet       [0;39m [2m:[0;39m Initializing Servlet 'dispatcherServlet'
[2m2021-11-21 14:39:44.194[0;39m [32m INFO[0;39m [35m50772[0;39m [2m---[0;39m [2m[nio-9999-exec-1][0;39m [36mo.s.web.servlet.DispatcherServlet       [0;39m [2m:[0;39m Completed initialization in 0 ms
[2m2021-11-21 14:39:44.213[0;39m [31mERROR[0;39m [35m50772[0;39m [2m---[0;39m [2m[nio-9999-exec-1][0;39m [36mc.ssafy.vue.controller.MemberController [0;39m [2m:[0;39m 회원가입 실패 : user1 존재
[2m2021-11-21 14:39:59.204[0;39m [32mDEBUG[0;39m [35m50772[0;39m [2m---[0;39m [2m[nio-9999-exec-3][0;39m [36mc.ssafy.vue.controller.MemberController [0;39m [2m:[0;39m 로그인 토큰정보 : eyJ0eXAiOiJKV1QiLCJyZWdEYXRlIjoxNjM3NDczMTk5MjAzLCJhbGciOiJIUzI1NiJ9.eyJleHAiOjE2Mzc0NzY3OTksInN1YiI6ImFjY2Vzcy10b2tlbiIsInVzZXJpZCI6InVzZXIxIn0._mp4WqmAkKivWLhZDrXohSRkDGg3Lb0YwCKKM_fAPIU
[2m2021-11-21 14:39:59.229[0;39m [32m INFO[0;39m [35m50772[0;39m [2m---[0;39m [2m[nio-9999-exec-5][0;39m [36mc.ssafy.vue.controller.MemberController [0;39m [2m:[0;39m 사용 가능한 토큰!!!
[2m2021-11-21 14:40:02.472[0;39m [32m INFO[0;39m [35m50772[0;39m [2m---[0;39m [2m[nio-9999-exec-6][0;39m [36mc.ssafy.vue.controller.BoardController  [0;39m [2m:[0;39m listArticle - 호출
[2m2021-11-21 14:40:03.739[0;39m [32m INFO[0;39m [35m50772[0;39m [2m---[0;39m [2m[nio-9999-exec-8][0;39m [36mc.ssafy.vue.controller.BoardController  [0;39m [2m:[0;39m listMemo - 호출 : 3
[2m2021-11-21 14:40:03.740[0;39m [32m INFO[0;39m [35m50772[0;39m [2m---[0;39m [2m[nio-9999-exec-7][0;39m [36mc.ssafy.vue.controller.BoardController  [0;39m [2m:[0;39m getArticle - 호출 : 3
[2m2021-11-21 14:40:13.535[0;39m [32m INFO[0;39m [35m50772[0;39m [2m---[0;39m [2m[io-9999-exec-10][0;39m [36mc.ssafy.vue.controller.BoardController  [0;39m [2m:[0;39m writeMemo - 호출 : 
[2m2021-11-21 14:40:13.535[0;39m [32m INFO[0;39m [35m50772[0;39m [2m---[0;39m [2m[io-9999-exec-10][0;39m [36mc.ssafy.vue.controller.BoardController  [0;39m [2m:[0;39m 으앙
[2m2021-11-21 14:40:13.535[0;39m [32m INFO[0;39m [35m50772[0;39m [2m---[0;39m [2m[io-9999-exec-10][0;39m [36mc.ssafy.vue.controller.BoardController  [0;39m [2m:[0;39m user1
[2m2021-11-21 14:40:13.535[0;39m [32m INFO[0;39m [35m50772[0;39m [2m---[0;39m [2m[io-9999-exec-10][0;39m [36mc.ssafy.vue.controller.BoardController  [0;39m [2m:[0;39m 3
[2m2021-11-21 14:40:15.457[0;39m [32m INFO[0;39m [35m50772[0;39m [2m---[0;39m [2m[nio-9999-exec-1][0;39m [36mc.ssafy.vue.controller.BoardController  [0;39m [2m:[0;39m getArticle - 호출 : 3
[2m2021-11-21 14:40:15.457[0;39m [32m INFO[0;39m [35m50772[0;39m [2m---[0;39m [2m[nio-9999-exec-2][0;39m [36mc.ssafy.vue.controller.BoardController  [0;39m [2m:[0;39m listMemo - 호출 : 3
<<<<<<< HEAD
[2m2021-11-21 14:44:06.364[0;39m [32m INFO[0;39m [35m50772[0;39m [2m---[0;39m [2m[nio-9999-exec-6][0;39m [36mc.ssafy.vue.controller.BoardController  [0;39m [2m:[0;39m listMemo - 호출 : 3
[2m2021-11-21 14:44:06.364[0;39m [32m INFO[0;39m [35m50772[0;39m [2m---[0;39m [2m[nio-9999-exec-5][0;39m [36mc.ssafy.vue.controller.BoardController  [0;39m [2m:[0;39m getArticle - 호출 : 3
[2m2021-11-21 19:32:58.518[0;39m [32m INFO[0;39m [35m50772[0;39m [2m---[0;39m [2m[  restartedMain][0;39m [36mo.s.b.w.embedded.tomcat.TomcatWebServer [0;39m [2m:[0;39m Tomcat initialized with port(s): 9999 (http)
[2m2021-11-21 19:32:58.538[0;39m [32m INFO[0;39m [35m50772[0;39m [2m---[0;39m [2m[  restartedMain][0;39m [36mw.s.c.ServletWebServerApplicationContext[0;39m [2m:[0;39m Root WebApplicationContext: initialization completed in 641 ms
[2m2021-11-21 19:32:58.755[0;39m [32m INFO[0;39m [35m50772[0;39m [2m---[0;39m [2m[  restartedMain][0;39m [36mo.s.b.d.a.OptionalLiveReloadServer      [0;39m [2m:[0;39m LiveReload server is running on port 35729
[2m2021-11-21 19:32:58.820[0;39m [32m INFO[0;39m [35m50772[0;39m [2m---[0;39m [2m[  restartedMain][0;39m [36mo.s.b.w.embedded.tomcat.TomcatWebServer [0;39m [2m:[0;39m Tomcat started on port(s): 9999 (http) with context path '/vue'
[2m2021-11-21 19:32:58.866[0;39m [32m INFO[0;39m [35m50772[0;39m [2m---[0;39m [2m[  restartedMain][0;39m [36m.ConditionEvaluationDeltaLoggingListener[0;39m [2m:[0;39m Condition evaluation unchanged
[2m2021-11-21 19:33:58.256[0;39m [32m INFO[0;39m [35m50772[0;39m [2m---[0;39m [2m[nio-9999-exec-1][0;39m [36mo.s.web.servlet.DispatcherServlet       [0;39m [2m:[0;39m Initializing Servlet 'dispatcherServlet'
[2m2021-11-21 19:33:58.258[0;39m [32m INFO[0;39m [35m50772[0;39m [2m---[0;39m [2m[nio-9999-exec-1][0;39m [36mo.s.web.servlet.DispatcherServlet       [0;39m [2m:[0;39m Completed initialization in 1 ms
[2m2021-11-21 19:33:58.264[0;39m [32m INFO[0;39m [35m50772[0;39m [2m---[0;39m [2m[nio-9999-exec-1][0;39m [36mc.ssafy.vue.controller.NoticeController [0;39m [2m:[0;39m listNotice - 호출
[2m2021-11-21 19:34:10.891[0;39m [32m INFO[0;39m [35m50772[0;39m [2m---[0;39m [2m[nio-9999-exec-2][0;39m [36mc.ssafy.vue.controller.NoticeController [0;39m [2m:[0;39m listNotice - 호출
[2m2021-11-21 19:34:10.901[0;39m [32m INFO[0;39m [35m50772[0;39m [2m---[0;39m [2m[nio-9999-exec-3][0;39m [36mc.ssafy.vue.controller.NoticeController [0;39m [2m:[0;39m listNotice - 호출
=======
[2m2021-11-21 17:49:15.353[0;39m [32m INFO[0;39m [35m16608[0;39m [2m---[0;39m [2m[  restartedMain][0;39m [36m.e.DevToolsPropertyDefaultsPostProcessor[0;39m [2m:[0;39m Devtools property defaults active! Set 'spring.devtools.add-properties' to 'false' to disable
[2m2021-11-21 17:49:15.354[0;39m [32m INFO[0;39m [35m16608[0;39m [2m---[0;39m [2m[  restartedMain][0;39m [36m.e.DevToolsPropertyDefaultsPostProcessor[0;39m [2m:[0;39m For additional web related logging consider setting the 'logging.level.web' property to 'DEBUG'
[2m2021-11-21 17:49:16.050[0;39m [32m INFO[0;39m [35m16608[0;39m [2m---[0;39m [2m[  restartedMain][0;39m [36mo.s.b.w.embedded.tomcat.TomcatWebServer [0;39m [2m:[0;39m Tomcat initialized with port(s): 9999 (http)
[2m2021-11-21 17:49:16.094[0;39m [32m INFO[0;39m [35m16608[0;39m [2m---[0;39m [2m[  restartedMain][0;39m [36mw.s.c.ServletWebServerApplicationContext[0;39m [2m:[0;39m Root WebApplicationContext: initialization completed in 739 ms
[2m2021-11-21 17:49:16.491[0;39m [33m WARN[0;39m [35m16608[0;39m [2m---[0;39m [2m[  restartedMain][0;39m [36mo.s.b.d.a.OptionalLiveReloadServer      [0;39m [2m:[0;39m Unable to start LiveReload server
[2m2021-11-21 17:49:16.602[0;39m [32m INFO[0;39m [35m16608[0;39m [2m---[0;39m [2m[  restartedMain][0;39m [36mo.s.b.w.embedded.tomcat.TomcatWebServer [0;39m [2m:[0;39m Tomcat started on port(s): 9999 (http) with context path '/vue'
[2m2021-11-21 17:50:08.769[0;39m [32m INFO[0;39m [35m16608[0;39m [2m---[0;39m [2m[nio-9999-exec-1][0;39m [36mo.s.web.servlet.DispatcherServlet       [0;39m [2m:[0;39m Initializing Servlet 'dispatcherServlet'
[2m2021-11-21 17:50:08.770[0;39m [32m INFO[0;39m [35m16608[0;39m [2m---[0;39m [2m[nio-9999-exec-1][0;39m [36mo.s.web.servlet.DispatcherServlet       [0;39m [2m:[0;39m Completed initialization in 1 ms
[2m2021-11-21 17:50:08.797[0;39m [32m INFO[0;39m [35m16608[0;39m [2m---[0;39m [2m[nio-9999-exec-1][0;39m [36mc.ssafy.vue.controller.NoticeController [0;39m [2m:[0;39m listNotice - 호출
[2m2021-11-21 17:50:12.235[0;39m [32m INFO[0;39m [35m16608[0;39m [2m---[0;39m [2m[nio-9999-exec-2][0;39m [36mc.ssafy.vue.controller.NoticeController [0;39m [2m:[0;39m listNotice - 호출
[2m2021-11-21 17:50:12.246[0;39m [32m INFO[0;39m [35m16608[0;39m [2m---[0;39m [2m[nio-9999-exec-3][0;39m [36mc.ssafy.vue.controller.NoticeController [0;39m [2m:[0;39m listNotice - 호출
[2m2021-11-21 17:50:13.775[0;39m [32m INFO[0;39m [35m16608[0;39m [2m---[0;39m [2m[nio-9999-exec-4][0;39m [36mc.ssafy.vue.controller.NoticeController [0;39m [2m:[0;39m listNotice - 호출
[2m2021-11-21 17:50:13.784[0;39m [32m INFO[0;39m [35m16608[0;39m [2m---[0;39m [2m[nio-9999-exec-5][0;39m [36mc.ssafy.vue.controller.NoticeController [0;39m [2m:[0;39m listNotice - 호출
[2m2021-11-21 17:50:15.895[0;39m [32m INFO[0;39m [35m16608[0;39m [2m---[0;39m [2m[nio-9999-exec-6][0;39m [36mc.ssafy.vue.controller.NoticeController [0;39m [2m:[0;39m listNotice - 호출
[2m2021-11-21 17:50:15.905[0;39m [32m INFO[0;39m [35m16608[0;39m [2m---[0;39m [2m[nio-9999-exec-7][0;39m [36mc.ssafy.vue.controller.NoticeController [0;39m [2m:[0;39m listNotice - 호출
[2m2021-11-21 17:51:40.305[0;39m [32m INFO[0;39m [35m16608[0;39m [2m---[0;39m [2m[nio-9999-exec-9][0;39m [36mc.ssafy.vue.controller.BoardController  [0;39m [2m:[0;39m listArticle - 호출
[2m2021-11-21 17:51:47.550[0;39m [32mDEBUG[0;39m [35m16608[0;39m [2m---[0;39m [2m[nio-9999-exec-1][0;39m [36mc.ssafy.vue.controller.MemberController [0;39m [2m:[0;39m 로그인 토큰정보 : eyJ0eXAiOiJKV1QiLCJyZWdEYXRlIjoxNjM3NDg0NzA3NTM3LCJhbGciOiJIUzI1NiJ9.eyJleHAiOjE2Mzc0ODgzMDcsInN1YiI6ImFjY2Vzcy10b2tlbiIsInVzZXJpZCI6InNzYWZ5In0.B5UNNvh7O6Yu5N2YveuhLWeQEHfivBZOeSU2ujj6YvU
[2m2021-11-21 17:51:47.604[0;39m [32m INFO[0;39m [35m16608[0;39m [2m---[0;39m [2m[nio-9999-exec-3][0;39m [36mc.ssafy.vue.controller.MemberController [0;39m [2m:[0;39m 사용 가능한 토큰!!!
[2m2021-11-21 17:51:49.425[0;39m [32m INFO[0;39m [35m16608[0;39m [2m---[0;39m [2m[nio-9999-exec-4][0;39m [36mc.ssafy.vue.controller.NoticeController [0;39m [2m:[0;39m listNotice - 호출
[2m2021-11-21 17:51:50.349[0;39m [32m INFO[0;39m [35m16608[0;39m [2m---[0;39m [2m[nio-9999-exec-5][0;39m [36mc.ssafy.vue.controller.NoticeController [0;39m [2m:[0;39m getNotice - 호출 : 16
[2m2021-11-21 17:51:51.403[0;39m [32m INFO[0;39m [35m16608[0;39m [2m---[0;39m [2m[nio-9999-exec-6][0;39m [36mc.ssafy.vue.controller.NoticeController [0;39m [2m:[0;39m listNotice - 호출
[2m2021-11-21 17:51:53.863[0;39m [32m INFO[0;39m [35m16608[0;39m [2m---[0;39m [2m[nio-9999-exec-7][0;39m [36mc.ssafy.vue.controller.NoticeController [0;39m [2m:[0;39m listNotice - 호출
[2m2021-11-21 17:51:53.871[0;39m [32m INFO[0;39m [35m16608[0;39m [2m---[0;39m [2m[nio-9999-exec-8][0;39m [36mc.ssafy.vue.controller.NoticeController [0;39m [2m:[0;39m listNotice - 호출
[2m2021-11-21 17:51:55.153[0;39m [32m INFO[0;39m [35m16608[0;39m [2m---[0;39m [2m[nio-9999-exec-9][0;39m [36mc.ssafy.vue.controller.BoardController  [0;39m [2m:[0;39m listArticle - 호출
[2m2021-11-21 17:51:57.733[0;39m [32m INFO[0;39m [35m16608[0;39m [2m---[0;39m [2m[io-9999-exec-10][0;39m [36mc.ssafy.vue.controller.NoticeController [0;39m [2m:[0;39m listNotice - 호출
[2m2021-11-21 17:52:04.704[0;39m [32mDEBUG[0;39m [35m16608[0;39m [2m---[0;39m [2m[nio-9999-exec-2][0;39m [36mc.ssafy.vue.controller.MemberController [0;39m [2m:[0;39m 로그인 토큰정보 : eyJ0eXAiOiJKV1QiLCJyZWdEYXRlIjoxNjM3NDg0NzI0NzAzLCJhbGciOiJIUzI1NiJ9.eyJleHAiOjE2Mzc0ODgzMjQsInN1YiI6ImFjY2Vzcy10b2tlbiIsInVzZXJpZCI6ImFkbWluIn0.IG338xQAx4NGUZF0NG7e6nwEb3TDKY3BPTnwn63X1Tc
[2m2021-11-21 17:52:04.734[0;39m [32m INFO[0;39m [35m16608[0;39m [2m---[0;39m [2m[nio-9999-exec-4][0;39m [36mc.ssafy.vue.controller.MemberController [0;39m [2m:[0;39m 사용 가능한 토큰!!!
[2m2021-11-21 17:52:07.271[0;39m [32m INFO[0;39m [35m16608[0;39m [2m---[0;39m [2m[nio-9999-exec-5][0;39m [36mc.ssafy.vue.controller.NoticeController [0;39m [2m:[0;39m listNotice - 호출
[2m2021-11-21 18:03:23.043[0;39m [32m INFO[0;39m [35m16608[0;39m [2m---[0;39m [2m[nio-9999-exec-8][0;39m [36mc.ssafy.vue.controller.NoticeController [0;39m [2m:[0;39m writeNotice - 호출
[2m2021-11-21 18:03:24.268[0;39m [32m INFO[0;39m [35m16608[0;39m [2m---[0;39m [2m[nio-9999-exec-9][0;39m [36mc.ssafy.vue.controller.NoticeController [0;39m [2m:[0;39m listNotice - 호출
[2m2021-11-21 18:03:27.009[0;39m [32m INFO[0;39m [35m16608[0;39m [2m---[0;39m [2m[io-9999-exec-10][0;39m [36mc.ssafy.vue.controller.NoticeController [0;39m [2m:[0;39m getNotice - 호출 : 14
[2m2021-11-21 18:03:28.459[0;39m [32m INFO[0;39m [35m16608[0;39m [2m---[0;39m [2m[nio-9999-exec-2][0;39m [36mc.ssafy.vue.controller.NoticeController [0;39m [2m:[0;39m deleteNotice - 호출
[2m2021-11-21 18:03:28.487[0;39m [32m INFO[0;39m [35m16608[0;39m [2m---[0;39m [2m[nio-9999-exec-3][0;39m [36mc.ssafy.vue.controller.NoticeController [0;39m [2m:[0;39m listNotice - 호출
[2m2021-11-21 18:03:59.732[0;39m [32m INFO[0;39m [35m16608[0;39m [2m---[0;39m [2m[nio-9999-exec-4][0;39m [36mc.ssafy.vue.controller.NoticeController [0;39m [2m:[0;39m listNotice - 호출
[2m2021-11-21 18:04:01.028[0;39m [32m INFO[0;39m [35m16608[0;39m [2m---[0;39m [2m[nio-9999-exec-5][0;39m [36mc.ssafy.vue.controller.NoticeController [0;39m [2m:[0;39m getNotice - 호출 : 17
[2m2021-11-21 18:04:02.041[0;39m [32m INFO[0;39m [35m16608[0;39m [2m---[0;39m [2m[nio-9999-exec-6][0;39m [36mc.ssafy.vue.controller.NoticeController [0;39m [2m:[0;39m getNotice - 호출 : 17
[2m2021-11-21 18:04:08.884[0;39m [32m INFO[0;39m [35m16608[0;39m [2m---[0;39m [2m[nio-9999-exec-7][0;39m [36mc.ssafy.vue.controller.NoticeController [0;39m [2m:[0;39m modifyNotice - 호출
[2m2021-11-21 18:04:09.962[0;39m [32m INFO[0;39m [35m16608[0;39m [2m---[0;39m [2m[nio-9999-exec-8][0;39m [36mc.ssafy.vue.controller.NoticeController [0;39m [2m:[0;39m listNotice - 호출
[2m2021-11-21 18:04:11.035[0;39m [32m INFO[0;39m [35m16608[0;39m [2m---[0;39m [2m[nio-9999-exec-9][0;39m [36mc.ssafy.vue.controller.NoticeController [0;39m [2m:[0;39m getNotice - 호출 : 17
[2m2021-11-21 18:10:13.212[0;39m [32m INFO[0;39m [35m16608[0;39m [2m---[0;39m [2m[nio-9999-exec-1][0;39m [36mc.s.vue.controller.HouseMapController   [0;39m [2m:[0;39m sido - 호출
[2m2021-11-21 18:10:14.617[0;39m [32m INFO[0;39m [35m16608[0;39m [2m---[0;39m [2m[nio-9999-exec-2][0;39m [36mc.s.vue.controller.HouseMapController   [0;39m [2m:[0;39m gugun - 호출
[2m2021-11-21 18:10:16.712[0;39m [32m INFO[0;39m [35m16608[0;39m [2m---[0;39m [2m[nio-9999-exec-3][0;39m [36mc.s.vue.controller.HouseMapController   [0;39m [2m:[0;39m gugun - 호출
[2m2021-11-21 18:10:22.276[0;39m [32m INFO[0;39m [35m16608[0;39m [2m---[0;39m [2m[nio-9999-exec-4][0;39m [36mc.s.vue.controller.HouseMapController   [0;39m [2m:[0;39m sido - 호출
[2m2021-11-21 18:10:23.304[0;39m [32m INFO[0;39m [35m16608[0;39m [2m---[0;39m [2m[nio-9999-exec-5][0;39m [36mc.s.vue.controller.HouseMapController   [0;39m [2m:[0;39m gugun - 호출
[2m2021-11-21 18:10:39.019[0;39m [32m INFO[0;39m [35m16608[0;39m [2m---[0;39m [2m[nio-9999-exec-6][0;39m [36mc.s.vue.controller.HouseMapController   [0;39m [2m:[0;39m sido - 호출
[2m2021-11-21 18:10:40.303[0;39m [32m INFO[0;39m [35m16608[0;39m [2m---[0;39m [2m[nio-9999-exec-7][0;39m [36mc.s.vue.controller.HouseMapController   [0;39m [2m:[0;39m gugun - 호출
[2m2021-11-21 18:10:48.903[0;39m [32m INFO[0;39m [35m16608[0;39m [2m---[0;39m [2m[nio-9999-exec-8][0;39m [36mc.s.vue.controller.HouseMapController   [0;39m [2m:[0;39m sido - 호출
[2m2021-11-21 18:10:49.941[0;39m [32m INFO[0;39m [35m16608[0;39m [2m---[0;39m [2m[nio-9999-exec-9][0;39m [36mc.ssafy.vue.controller.NoticeController [0;39m [2m:[0;39m listNotice - 호출
[2m2021-11-21 18:10:50.550[0;39m [32m INFO[0;39m [35m16608[0;39m [2m---[0;39m [2m[io-9999-exec-10][0;39m [36mc.ssafy.vue.controller.BoardController  [0;39m [2m:[0;39m listArticle - 호출
[2m2021-11-21 18:10:51.769[0;39m [32m INFO[0;39m [35m16608[0;39m [2m---[0;39m [2m[nio-9999-exec-1][0;39m [36mc.s.vue.controller.HouseMapController   [0;39m [2m:[0;39m sido - 호출
[2m2021-11-21 18:10:52.857[0;39m [32m INFO[0;39m [35m16608[0;39m [2m---[0;39m [2m[nio-9999-exec-2][0;39m [36mc.s.vue.controller.HouseMapController   [0;39m [2m:[0;39m gugun - 호출
[2m2021-11-21 18:11:26.133[0;39m [32m INFO[0;39m [35m16608[0;39m [2m---[0;39m [2m[n(31)-127.0.0.1][0;39m [36minMXBeanRegistrar$SpringApplicationAdmin[0;39m [2m:[0;39m Application shutdown requested.
[2m2021-11-21 18:11:59.157[0;39m [32m INFO[0;39m [35m18644[0;39m [2m---[0;39m [2m[  restartedMain][0;39m [36m.e.DevToolsPropertyDefaultsPostProcessor[0;39m [2m:[0;39m Devtools property defaults active! Set 'spring.devtools.add-properties' to 'false' to disable
[2m2021-11-21 18:11:59.159[0;39m [32m INFO[0;39m [35m18644[0;39m [2m---[0;39m [2m[  restartedMain][0;39m [36m.e.DevToolsPropertyDefaultsPostProcessor[0;39m [2m:[0;39m For additional web related logging consider setting the 'logging.level.web' property to 'DEBUG'
[2m2021-11-21 18:11:59.965[0;39m [32m INFO[0;39m [35m18644[0;39m [2m---[0;39m [2m[  restartedMain][0;39m [36mo.s.b.w.embedded.tomcat.TomcatWebServer [0;39m [2m:[0;39m Tomcat initialized with port(s): 9999 (http)
[2m2021-11-21 18:12:00.036[0;39m [32m INFO[0;39m [35m18644[0;39m [2m---[0;39m [2m[  restartedMain][0;39m [36mw.s.c.ServletWebServerApplicationContext[0;39m [2m:[0;39m Root WebApplicationContext: initialization completed in 877 ms
[2m2021-11-21 18:12:00.462[0;39m [33m WARN[0;39m [35m18644[0;39m [2m---[0;39m [2m[  restartedMain][0;39m [36mo.s.b.d.a.OptionalLiveReloadServer      [0;39m [2m:[0;39m Unable to start LiveReload server
[2m2021-11-21 18:12:00.572[0;39m [32m INFO[0;39m [35m18644[0;39m [2m---[0;39m [2m[  restartedMain][0;39m [36mo.s.b.w.embedded.tomcat.TomcatWebServer [0;39m [2m:[0;39m Tomcat started on port(s): 9999 (http) with context path '/vue'
[2m2021-11-21 18:13:30.235[0;39m [32m INFO[0;39m [35m18644[0;39m [2m---[0;39m [2m[nio-9999-exec-1][0;39m [36mo.s.web.servlet.DispatcherServlet       [0;39m [2m:[0;39m Initializing Servlet 'dispatcherServlet'
[2m2021-11-21 18:13:30.237[0;39m [32m INFO[0;39m [35m18644[0;39m [2m---[0;39m [2m[nio-9999-exec-1][0;39m [36mo.s.web.servlet.DispatcherServlet       [0;39m [2m:[0;39m Completed initialization in 1 ms
[2m2021-11-21 18:13:30.273[0;39m [32m INFO[0;39m [35m18644[0;39m [2m---[0;39m [2m[nio-9999-exec-1][0;39m [36mc.ssafy.vue.controller.NoticeController [0;39m [2m:[0;39m listNotice - 호출
[2m2021-11-21 18:14:22.372[0;39m [32m INFO[0;39m [35m18644[0;39m [2m---[0;39m [2m[nio-9999-exec-2][0;39m [36mc.ssafy.vue.controller.BoardController  [0;39m [2m:[0;39m listArticle - 호출
[2m2021-11-21 18:14:23.307[0;39m [32m INFO[0;39m [35m18644[0;39m [2m---[0;39m [2m[nio-9999-exec-3][0;39m [36mc.ssafy.vue.controller.NoticeController [0;39m [2m:[0;39m listNotice - 호출
[2m2021-11-21 18:18:35.495[0;39m [32m INFO[0;39m [35m18644[0;39m [2m---[0;39m [2m[n(17)-127.0.0.1][0;39m [36minMXBeanRegistrar$SpringApplicationAdmin[0;39m [2m:[0;39m Application shutdown requested.
>>>>>>> 9538f0c0c5a6a179e8a39323526f2a17f3dd7944
