[2m2021-11-24 11:02:35.292[0;39m [32m INFO[0;39m [35m16772[0;39m [2m---[0;39m [2m[  restartedMain][0;39m [36m.e.DevToolsPropertyDefaultsPostProcessor[0;39m [2m:[0;39m Devtools property defaults active! Set 'spring.devtools.add-properties' to 'false' to disable
[2m2021-11-24 11:02:35.294[0;39m [32m INFO[0;39m [35m16772[0;39m [2m---[0;39m [2m[  restartedMain][0;39m [36m.e.DevToolsPropertyDefaultsPostProcessor[0;39m [2m:[0;39m For additional web related logging consider setting the 'logging.level.web' property to 'DEBUG'
[2m2021-11-24 11:02:36.506[0;39m [32m INFO[0;39m [35m16772[0;39m [2m---[0;39m [2m[  restartedMain][0;39m [36mo.s.b.w.embedded.tomcat.TomcatWebServer [0;39m [2m:[0;39m Tomcat initialized with port(s): 9999 (http)
[2m2021-11-24 11:02:36.886[0;39m [32m INFO[0;39m [35m16772[0;39m [2m---[0;39m [2m[  restartedMain][0;39m [36mw.s.c.ServletWebServerApplicationContext[0;39m [2m:[0;39m Root WebApplicationContext: initialization completed in 1591 ms
[2m2021-11-24 11:02:37.440[0;39m [32m INFO[0;39m [35m16772[0;39m [2m---[0;39m [2m[  restartedMain][0;39m [36mo.s.b.d.a.OptionalLiveReloadServer      [0;39m [2m:[0;39m LiveReload server is running on port 35729
[2m2021-11-24 11:02:37.596[0;39m [32m INFO[0;39m [35m16772[0;39m [2m---[0;39m [2m[  restartedMain][0;39m [36mo.s.b.w.embedded.tomcat.TomcatWebServer [0;39m [2m:[0;39m Tomcat started on port(s): 9999 (http) with context path '/vue'
[2m2021-11-24 11:06:29.149[0;39m [32m INFO[0;39m [35m16772[0;39m [2m---[0;39m [2m[nio-9999-exec-1][0;39m [36mo.s.web.servlet.DispatcherServlet       [0;39m [2m:[0;39m Initializing Servlet 'dispatcherServlet'
[2m2021-11-24 11:06:29.151[0;39m [32m INFO[0;39m [35m16772[0;39m [2m---[0;39m [2m[nio-9999-exec-1][0;39m [36mo.s.web.servlet.DispatcherServlet       [0;39m [2m:[0;39m Completed initialization in 1 ms
[2m2021-11-24 11:06:29.176[0;39m [32m INFO[0;39m [35m16772[0;39m [2m---[0;39m [2m[nio-9999-exec-1][0;39m [36mc.s.vue.controller.HouseMapController   [0;39m [2m:[0;39m sido - 호출
[2m2021-11-24 11:06:30.276[0;39m [32m INFO[0;39m [35m16772[0;39m [2m---[0;39m [2m[nio-9999-exec-2][0;39m [36mc.s.vue.controller.HouseMapController   [0;39m [2m:[0;39m gugun - 호출
[2m2021-11-24 11:08:07.083[0;39m [32mDEBUG[0;39m [35m16772[0;39m [2m---[0;39m [2m[nio-9999-exec-5][0;39m [36mc.ssafy.vue.controller.MemberController [0;39m [2m:[0;39m 로그인 토큰정보 : eyJ0eXAiOiJKV1QiLCJyZWdEYXRlIjoxNjM3NzE5Njg3MDYyLCJhbGciOiJIUzI1NiJ9.eyJleHAiOjE2Mzc3MjMyODcsInN1YiI6ImFjY2Vzcy10b2tlbiIsInVzZXJpZCI6ImFkbWluIn0.fXBtZHxmar4iV-eWxNzHw7QOFYwaL4h_HaT6YLn8j_g
[2m2021-11-24 11:08:07.123[0;39m [32m INFO[0;39m [35m16772[0;39m [2m---[0;39m [2m[nio-9999-exec-7][0;39m [36mc.ssafy.vue.controller.MemberController [0;39m [2m:[0;39m 사용 가능한 토큰!!!
[2m2021-11-24 11:16:48.710[0;39m [32m INFO[0;39m [35m16772[0;39m [2m---[0;39m [2m[nio-9999-exec-9][0;39m [36mc.s.vue.controller.HouseMapController   [0;39m [2m:[0;39m sido - 호출
[2m2021-11-24 11:21:01.391[0;39m [32m INFO[0;39m [35m16772[0;39m [2m---[0;39m [2m[nio-9999-exec-1][0;39m [36mc.s.vue.controller.HouseMapController   [0;39m [2m:[0;39m sido - 호출
[2m2021-11-24 11:21:23.641[0;39m [32m INFO[0;39m [35m16772[0;39m [2m---[0;39m [2m[nio-9999-exec-2][0;39m [36mc.ssafy.vue.controller.NoticeController [0;39m [2m:[0;39m listNotice - 호출
[2m2021-11-24 11:21:24.279[0;39m [32m INFO[0;39m [35m16772[0;39m [2m---[0;39m [2m[nio-9999-exec-3][0;39m [36mc.ssafy.vue.controller.BoardController  [0;39m [2m:[0;39m listArticle - 호출
[2m2021-11-24 11:21:24.842[0;39m [32m INFO[0;39m [35m16772[0;39m [2m---[0;39m [2m[nio-9999-exec-4][0;39m [36mc.ssafy.vue.controller.NoticeController [0;39m [2m:[0;39m listNotice - 호출
[2m2021-11-24 11:21:25.346[0;39m [32m INFO[0;39m [35m16772[0;39m [2m---[0;39m [2m[nio-9999-exec-5][0;39m [36mc.ssafy.vue.controller.BoardController  [0;39m [2m:[0;39m listArticle - 호출
[2m2021-11-24 11:21:26.153[0;39m [32m INFO[0;39m [35m16772[0;39m [2m---[0;39m [2m[nio-9999-exec-6][0;39m [36mc.s.vue.controller.HouseMapController   [0;39m [2m:[0;39m sido - 호출
[2m2021-11-24 11:21:26.978[0;39m [32m INFO[0;39m [35m16772[0;39m [2m---[0;39m [2m[nio-9999-exec-7][0;39m [36mc.ssafy.vue.controller.BoardController  [0;39m [2m:[0;39m listArticle - 호출
[2m2021-11-24 11:21:27.458[0;39m [32m INFO[0;39m [35m16772[0;39m [2m---[0;39m [2m[nio-9999-exec-8][0;39m [36mc.ssafy.vue.controller.NoticeController [0;39m [2m:[0;39m listNotice - 호출
[2m2021-11-24 11:21:28.122[0;39m [32m INFO[0;39m [35m16772[0;39m [2m---[0;39m [2m[nio-9999-exec-9][0;39m [36mc.ssafy.vue.controller.BoardController  [0;39m [2m:[0;39m listArticle - 호출
[2m2021-11-24 11:21:28.690[0;39m [32m INFO[0;39m [35m16772[0;39m [2m---[0;39m [2m[io-9999-exec-10][0;39m [36mc.s.vue.controller.HouseMapController   [0;39m [2m:[0;39m sido - 호출
[2m2021-11-24 11:21:29.651[0;39m [32m INFO[0;39m [35m16772[0;39m [2m---[0;39m [2m[nio-9999-exec-1][0;39m [36mc.ssafy.vue.controller.NoticeController [0;39m [2m:[0;39m listNotice - 호출
[2m2021-11-24 11:21:32.649[0;39m [32m INFO[0;39m [35m16772[0;39m [2m---[0;39m [2m[nio-9999-exec-2][0;39m [36mc.ssafy.vue.controller.NoticeController [0;39m [2m:[0;39m listNotice - 호출
[2m2021-11-24 11:21:36.650[0;39m [32m INFO[0;39m [35m16772[0;39m [2m---[0;39m [2m[nio-9999-exec-3][0;39m [36mc.ssafy.vue.controller.NoticeController [0;39m [2m:[0;39m listNotice - 호출
[2m2021-11-24 11:21:37.544[0;39m [32m INFO[0;39m [35m16772[0;39m [2m---[0;39m [2m[nio-9999-exec-4][0;39m [36mc.ssafy.vue.controller.BoardController  [0;39m [2m:[0;39m listArticle - 호출
[2m2021-11-24 11:21:37.979[0;39m [32m INFO[0;39m [35m16772[0;39m [2m---[0;39m [2m[nio-9999-exec-5][0;39m [36mc.ssafy.vue.controller.NoticeController [0;39m [2m:[0;39m listNotice - 호출
[2m2021-11-24 11:21:41.266[0;39m [32m INFO[0;39m [35m16772[0;39m [2m---[0;39m [2m[nio-9999-exec-6][0;39m [36mc.ssafy.vue.controller.NoticeController [0;39m [2m:[0;39m listNotice - 호출
[2m2021-11-24 11:21:42.896[0;39m [32m INFO[0;39m [35m16772[0;39m [2m---[0;39m [2m[nio-9999-exec-7][0;39m [36mc.ssafy.vue.controller.BoardController  [0;39m [2m:[0;39m listArticle - 호출
[2m2021-11-24 11:22:21.423[0;39m [32m INFO[0;39m [35m16772[0;39m [2m---[0;39m [2m[nio-9999-exec-8][0;39m [36mc.ssafy.vue.controller.NoticeController [0;39m [2m:[0;39m listNotice - 호출
[2m2021-11-24 11:22:22.289[0;39m [32m INFO[0;39m [35m16772[0;39m [2m---[0;39m [2m[nio-9999-exec-9][0;39m [36mc.ssafy.vue.controller.BoardController  [0;39m [2m:[0;39m listArticle - 호출
[2m2021-11-24 11:22:22.811[0;39m [32m INFO[0;39m [35m16772[0;39m [2m---[0;39m [2m[io-9999-exec-10][0;39m [36mc.s.vue.controller.HouseMapController   [0;39m [2m:[0;39m sido - 호출
[2m2021-11-24 12:45:20.860[0;39m [33m WARN[0;39m [35m16772[0;39m [2m---[0;39m [2m[nio-9999-exec-2][0;39m [36mo.s.web.servlet.PageNotFound            [0;39m [2m:[0;39m No mapping for GET /vue/user/list
[2m2021-11-24 12:48:07.472[0;39m [32m INFO[0;39m [35m16772[0;39m [2m---[0;39m [2m[  restartedMain][0;39m [36mo.s.b.w.embedded.tomcat.TomcatWebServer [0;39m [2m:[0;39m Tomcat initialized with port(s): 9999 (http)
[2m2021-11-24 12:48:07.489[0;39m [32m INFO[0;39m [35m16772[0;39m [2m---[0;39m [2m[  restartedMain][0;39m [36mw.s.c.ServletWebServerApplicationContext[0;39m [2m:[0;39m Root WebApplicationContext: initialization completed in 373 ms
[2m2021-11-24 12:48:07.631[0;39m [32m INFO[0;39m [35m16772[0;39m [2m---[0;39m [2m[  restartedMain][0;39m [36mo.s.b.d.a.OptionalLiveReloadServer      [0;39m [2m:[0;39m LiveReload server is running on port 35729
[2m2021-11-24 12:48:07.686[0;39m [32m INFO[0;39m [35m16772[0;39m [2m---[0;39m [2m[  restartedMain][0;39m [36mo.s.b.w.embedded.tomcat.TomcatWebServer [0;39m [2m:[0;39m Tomcat started on port(s): 9999 (http) with context path '/vue'
[2m2021-11-24 12:48:07.743[0;39m [32m INFO[0;39m [35m16772[0;39m [2m---[0;39m [2m[  restartedMain][0;39m [36m.ConditionEvaluationDeltaLoggingListener[0;39m [2m:[0;39m Condition evaluation unchanged
[2m2021-11-24 12:48:09.843[0;39m [32m INFO[0;39m [35m16772[0;39m [2m---[0;39m [2m[nio-9999-exec-1][0;39m [36mo.s.web.servlet.DispatcherServlet       [0;39m [2m:[0;39m Initializing Servlet 'dispatcherServlet'
[2m2021-11-24 12:48:09.844[0;39m [32m INFO[0;39m [35m16772[0;39m [2m---[0;39m [2m[nio-9999-exec-1][0;39m [36mo.s.web.servlet.DispatcherServlet       [0;39m [2m:[0;39m Completed initialization in 1 ms
[2m2021-11-24 12:48:09.845[0;39m [32m INFO[0;39m [35m16772[0;39m [2m---[0;39m [2m[nio-9999-exec-1][0;39m [36mc.s.vue.controller.HouseMapController   [0;39m [2m:[0;39m sido - 호출
[2m2021-11-24 12:48:11.554[0;39m [32m INFO[0;39m [35m16772[0;39m [2m---[0;39m [2m[nio-9999-exec-2][0;39m [36mc.s.vue.controller.HouseMapController   [0;39m [2m:[0;39m gugun - 호출
[2m2021-11-24 12:48:20.236[0;39m [32m INFO[0;39m [35m16772[0;39m [2m---[0;39m [2m[nio-9999-exec-4][0;39m [36mc.s.vue.controller.HospitalController   [0;39m [2m:[0;39m hospital sido - 서울
[2m2021-11-24 12:48:20.236[0;39m [32m INFO[0;39m [35m16772[0;39m [2m---[0;39m [2m[nio-9999-exec-4][0;39m [36mc.s.vue.controller.HospitalController   [0;39m [2m:[0;39m hospital gugun - 종로구
[2m2021-11-24 12:51:10.124[0;39m [32m INFO[0;39m [35m16772[0;39m [2m---[0;39m [2m[nio-9999-exec-6][0;39m [36mc.s.vue.controller.HospitalController   [0;39m [2m:[0;39m hospital sido - 서울
[2m2021-11-24 12:51:10.124[0;39m [32m INFO[0;39m [35m16772[0;39m [2m---[0;39m [2m[nio-9999-exec-6][0;39m [36mc.s.vue.controller.HospitalController   [0;39m [2m:[0;39m hospital gugun - 용산구
[2m2021-11-24 12:51:16.344[0;39m [32m INFO[0;39m [35m16772[0;39m [2m---[0;39m [2m[nio-9999-exec-7][0;39m [36mc.s.vue.controller.HospitalController   [0;39m [2m:[0;39m hospital sido - 서울
[2m2021-11-24 12:51:16.345[0;39m [32m INFO[0;39m [35m16772[0;39m [2m---[0;39m [2m[nio-9999-exec-7][0;39m [36mc.s.vue.controller.HospitalController   [0;39m [2m:[0;39m hospital gugun - 용산구
[2m2021-11-24 12:59:35.914[0;39m [32m INFO[0;39m [35m16772[0;39m [2m---[0;39m [2m[nio-9999-exec-9][0;39m [36mc.s.vue.controller.HouseMapController   [0;39m [2m:[0;39m sido - 호출
[2m2021-11-24 12:59:35.919[0;39m [32m INFO[0;39m [35m16772[0;39m [2m---[0;39m [2m[io-9999-exec-10][0;39m [36mc.s.vue.controller.HouseMapController   [0;39m [2m:[0;39m sido - 호출
[2m2021-11-24 12:59:38.236[0;39m [32m INFO[0;39m [35m16772[0;39m [2m---[0;39m [2m[nio-9999-exec-1][0;39m [36mc.s.vue.controller.HouseMapController   [0;39m [2m:[0;39m sido - 호출
[2m2021-11-24 12:59:39.633[0;39m [32m INFO[0;39m [35m16772[0;39m [2m---[0;39m [2m[nio-9999-exec-2][0;39m [36mc.s.vue.controller.HouseMapController   [0;39m [2m:[0;39m gugun - 호출
[2m2021-11-24 13:01:36.496[0;39m [32m INFO[0;39m [35m16772[0;39m [2m---[0;39m [2m[nio-9999-exec-5][0;39m [36mc.s.vue.controller.HouseMapController   [0;39m [2m:[0;39m sido - 호출
[2m2021-11-24 13:01:36.712[0;39m [32m INFO[0;39m [35m16772[0;39m [2m---[0;39m [2m[nio-9999-exec-6][0;39m [36mc.s.vue.controller.HouseMapController   [0;39m [2m:[0;39m sido - 호출
[2m2021-11-24 13:01:47.234[0;39m [32m INFO[0;39m [35m16772[0;39m [2m---[0;39m [2m[nio-9999-exec-7][0;39m [36mc.s.vue.controller.HouseMapController   [0;39m [2m:[0;39m gugun - 호출
