[2m2021-11-26 00:07:32.090[0;39m [32m INFO[0;39m [35m1560[0;39m [2m---[0;39m [2m[nio-9999-exec-9][0;39m [36mc.s.vue.controller.HouseMapController   [0;39m [2m:[0;39m sido - 호출
[2m2021-11-26 00:07:32.850[0;39m [32m INFO[0;39m [35m1560[0;39m [2m---[0;39m [2m[nio-9999-exec-2][0;39m [36mc.ssafy.vue.controller.BoardController  [0;39m [2m:[0;39m listArticle - 호출
[2m2021-11-26 00:07:33.335[0;39m [32m INFO[0;39m [35m1560[0;39m [2m---[0;39m [2m[nio-9999-exec-1][0;39m [36mc.ssafy.vue.controller.NoticeController [0;39m [2m:[0;39m listNotice - 호출
[2m2021-11-26 00:07:33.846[0;39m [32m INFO[0;39m [35m1560[0;39m [2m---[0;39m [2m[nio-9999-exec-8][0;39m [36mc.ssafy.vue.controller.BoardController  [0;39m [2m:[0;39m listArticle - 호출
[2m2021-11-26 00:07:44.650[0;39m [32m INFO[0;39m [35m1560[0;39m [2m---[0;39m [2m[nio-9999-exec-5][0;39m [36mc.ssafy.vue.controller.NoticeController [0;39m [2m:[0;39m listNotice - 호출
[2m2021-11-26 00:07:58.915[0;39m [32mDEBUG[0;39m [35m1560[0;39m [2m---[0;39m [2m[nio-9999-exec-6][0;39m [36mc.ssafy.vue.controller.MemberController [0;39m [2m:[0;39m 로그인 토큰정보 : eyJ0eXAiOiJKV1QiLCJyZWdEYXRlIjoxNjM3ODUyODc4OTE1LCJhbGciOiJIUzI1NiJ9.eyJleHAiOjE2Mzc4NTY0NzgsInN1YiI6ImFjY2Vzcy10b2tlbiIsInVzZXJpZCI6InNzYWZ5In0.QVM3RbE8PaG-fKaAiiLhOZikHyMM7pgZKRn9bEAEaQk
[2m2021-11-26 00:07:58.954[0;39m [32m INFO[0;39m [35m1560[0;39m [2m---[0;39m [2m[nio-9999-exec-9][0;39m [36mc.ssafy.vue.controller.MemberController [0;39m [2m:[0;39m 사용 가능한 토큰!!!
[2m2021-11-26 00:08:05.038[0;39m [32m INFO[0;39m [35m1560[0;39m [2m---[0;39m [2m[nio-9999-exec-2][0;39m [36mc.ssafy.vue.controller.BoardController  [0;39m [2m:[0;39m listArticle - 호출
[2m2021-11-26 00:08:07.882[0;39m [32m INFO[0;39m [35m1560[0;39m [2m---[0;39m [2m[nio-9999-exec-1][0;39m [36mc.ssafy.vue.controller.NoticeController [0;39m [2m:[0;39m listNotice - 호출
[2m2021-11-26 00:08:09.992[0;39m [32m INFO[0;39m [35m1560[0;39m [2m---[0;39m [2m[nio-9999-exec-8][0;39m [36mc.s.vue.controller.HouseMapController   [0;39m [2m:[0;39m sido - 호출
[2m2021-11-26 00:08:23.829[0;39m [32mDEBUG[0;39m [35m1560[0;39m [2m---[0;39m [2m[nio-9999-exec-4][0;39m [36mc.ssafy.vue.controller.MemberController [0;39m [2m:[0;39m 로그인 토큰정보 : eyJ0eXAiOiJKV1QiLCJyZWdEYXRlIjoxNjM3ODUyOTAzODI4LCJhbGciOiJIUzI1NiJ9.eyJleHAiOjE2Mzc4NTY1MDMsInN1YiI6ImFjY2Vzcy10b2tlbiIsInVzZXJpZCI6ImFkbWluIn0.-lRnTJeBGd597Kr1RqFiAFi4BRRoMKc91Q_27D_5K_I
[2m2021-11-26 00:08:23.860[0;39m [32m INFO[0;39m [35m1560[0;39m [2m---[0;39m [2m[nio-9999-exec-2][0;39m [36mc.ssafy.vue.controller.MemberController [0;39m [2m:[0;39m 사용 가능한 토큰!!!
[2m2021-11-26 00:08:30.873[0;39m [32m INFO[0;39m [35m1560[0;39m [2m---[0;39m [2m[nio-9999-exec-1][0;39m [36mc.ssafy.vue.controller.MemberController [0;39m [2m:[0;39m 회원정보 조회
[2m2021-11-26 00:08:34.384[0;39m [32m INFO[0;39m [35m1560[0;39m [2m---[0;39m [2m[nio-9999-exec-7][0;39m [36mc.ssafy.vue.controller.MemberController [0;39m [2m:[0;39m 회원 삭제 완료 : user111
[2m2021-11-26 00:08:36.006[0;39m [32m INFO[0;39m [35m1560[0;39m [2m---[0;39m [2m[nio-9999-exec-5][0;39m [36mc.ssafy.vue.controller.MemberController [0;39m [2m:[0;39m 회원정보 조회
[2m2021-11-26 00:08:39.263[0;39m [32m INFO[0;39m [35m1560[0;39m [2m---[0;39m [2m[nio-9999-exec-3][0;39m [36mc.ssafy.vue.controller.BoardController  [0;39m [2m:[0;39m listArticle - 호출
[2m2021-11-26 00:08:40.679[0;39m [32m INFO[0;39m [35m1560[0;39m [2m---[0;39m [2m[nio-9999-exec-4][0;39m [36mc.ssafy.vue.controller.BoardController  [0;39m [2m:[0;39m listMemo - 호출 : 9
[2m2021-11-26 00:08:40.679[0;39m [32m INFO[0;39m [35m1560[0;39m [2m---[0;39m [2m[nio-9999-exec-6][0;39m [36mc.ssafy.vue.controller.BoardController  [0;39m [2m:[0;39m getArticle - 호출 : 9
[2m2021-11-26 00:08:46.265[0;39m [32m INFO[0;39m [35m1560[0;39m [2m---[0;39m [2m[io-9999-exec-10][0;39m [36mc.ssafy.vue.controller.BoardController  [0;39m [2m:[0;39m listArticle - 호출
[2m2021-11-26 00:08:46.859[0;39m [32m INFO[0;39m [35m1560[0;39m [2m---[0;39m [2m[nio-9999-exec-9][0;39m [36mc.s.vue.controller.HouseMapController   [0;39m [2m:[0;39m sido - 호출
[2m2021-11-26 00:08:47.325[0;39m [32m INFO[0;39m [35m1560[0;39m [2m---[0;39m [2m[nio-9999-exec-2][0;39m [36mc.ssafy.vue.controller.BoardController  [0;39m [2m:[0;39m listArticle - 호출
[2m2021-11-26 00:08:48.604[0;39m [32m INFO[0;39m [35m1560[0;39m [2m---[0;39m [2m[nio-9999-exec-1][0;39m [36mc.ssafy.vue.controller.BoardController  [0;39m [2m:[0;39m getArticle - 호출 : 9
[2m2021-11-26 00:08:48.631[0;39m [32m INFO[0;39m [35m1560[0;39m [2m---[0;39m [2m[nio-9999-exec-8][0;39m [36mc.ssafy.vue.controller.BoardController  [0;39m [2m:[0;39m listMemo - 호출 : 9
[2m2021-11-26 00:08:58.000[0;39m [32m INFO[0;39m [35m1560[0;39m [2m---[0;39m [2m[nio-9999-exec-7][0;39m [36mc.ssafy.vue.controller.BoardController  [0;39m [2m:[0;39m listArticle - 호출
[2m2021-11-26 00:10:32.309[0;39m [32m INFO[0;39m [35m1560[0;39m [2m---[0;39m [2m[nio-9999-exec-7][0;39m [36mc.ssafy.vue.controller.NoticeController [0;39m [2m:[0;39m listNotice - 호출
[2m2021-11-26 00:10:47.026[0;39m [32m INFO[0;39m [35m1560[0;39m [2m---[0;39m [2m[nio-9999-exec-4][0;39m [36mc.s.vue.controller.HouseMapController   [0;39m [2m:[0;39m sido - 호출
[2m2021-11-26 00:11:07.252[0;39m [32m INFO[0;39m [35m1560[0;39m [2m---[0;39m [2m[nio-9999-exec-9][0;39m [36mc.ssafy.vue.controller.NoticeController [0;39m [2m:[0;39m listNotice - 호출
[2m2021-11-26 00:11:10.579[0;39m [32m INFO[0;39m [35m1560[0;39m [2m---[0;39m [2m[nio-9999-exec-2][0;39m [36mc.ssafy.vue.controller.NoticeController [0;39m [2m:[0;39m getNotice - 호출 : 28
[2m2021-11-26 00:11:15.665[0;39m [32m INFO[0;39m [35m1560[0;39m [2m---[0;39m [2m[nio-9999-exec-7][0;39m [36mc.ssafy.vue.controller.NoticeController [0;39m [2m:[0;39m listNotice - 호출
[2m2021-11-26 00:11:19.188[0;39m [32m INFO[0;39m [35m1560[0;39m [2m---[0;39m [2m[nio-9999-exec-5][0;39m [36mc.ssafy.vue.controller.NoticeController [0;39m [2m:[0;39m getNotice - 호출 : 28
[2m2021-11-26 00:11:29.048[0;39m [32m INFO[0;39m [35m1560[0;39m [2m---[0;39m [2m[nio-9999-exec-3][0;39m [36mc.ssafy.vue.controller.BoardController  [0;39m [2m:[0;39m listArticle - 호출
[2m2021-11-26 00:11:32.738[0;39m [32m INFO[0;39m [35m1560[0;39m [2m---[0;39m [2m[nio-9999-exec-4][0;39m [36mc.ssafy.vue.controller.BoardController  [0;39m [2m:[0;39m getArticle - 호출 : 9
[2m2021-11-26 00:11:32.738[0;39m [32m INFO[0;39m [35m1560[0;39m [2m---[0;39m [2m[nio-9999-exec-6][0;39m [36mc.ssafy.vue.controller.BoardController  [0;39m [2m:[0;39m listMemo - 호출 : 9
[2m2021-11-26 00:11:41.417[0;39m [32m INFO[0;39m [35m1560[0;39m [2m---[0;39m [2m[io-9999-exec-10][0;39m [36mc.ssafy.vue.controller.BoardController  [0;39m [2m:[0;39m listArticle - 호출
[2m2021-11-26 00:11:42.378[0;39m [32m INFO[0;39m [35m1560[0;39m [2m---[0;39m [2m[nio-9999-exec-9][0;39m [36mc.ssafy.vue.controller.BoardController  [0;39m [2m:[0;39m getArticle - 호출 : 9
[2m2021-11-26 00:11:42.378[0;39m [32m INFO[0;39m [35m1560[0;39m [2m---[0;39m [2m[nio-9999-exec-2][0;39m [36mc.ssafy.vue.controller.BoardController  [0;39m [2m:[0;39m listMemo - 호출 : 9
[2m2021-11-26 00:12:14.724[0;39m [32m INFO[0;39m [35m1560[0;39m [2m---[0;39m [2m[nio-9999-exec-1][0;39m [36mc.ssafy.vue.controller.BoardController  [0;39m [2m:[0;39m listArticle - 호출
[2m2021-11-26 00:12:44.056[0;39m [32mDEBUG[0;39m [35m1560[0;39m [2m---[0;39m [2m[nio-9999-exec-5][0;39m [36mc.ssafy.vue.controller.MemberController [0;39m [2m:[0;39m 로그인 토큰정보 : eyJ0eXAiOiJKV1QiLCJyZWdEYXRlIjoxNjM3ODUzMTY0MDU2LCJhbGciOiJIUzI1NiJ9.eyJleHAiOjE2Mzc4NTY3NjQsInN1YiI6ImFjY2Vzcy10b2tlbiIsInVzZXJpZCI6InNzYWZ5In0.AMeSNLE599RIlrj3MOGX05C5h5dDnE96aT04FZM65n0
[2m2021-11-26 00:12:44.080[0;39m [32m INFO[0;39m [35m1560[0;39m [2m---[0;39m [2m[nio-9999-exec-3][0;39m [36mc.ssafy.vue.controller.MemberController [0;39m [2m:[0;39m 사용 가능한 토큰!!!
[2m2021-11-26 00:12:45.776[0;39m [32m INFO[0;39m [35m1560[0;39m [2m---[0;39m [2m[io-9999-exec-10][0;39m [36mc.ssafy.vue.controller.BoardController  [0;39m [2m:[0;39m listArticle - 호출
[2m2021-11-26 00:12:47.111[0;39m [32m INFO[0;39m [35m1560[0;39m [2m---[0;39m [2m[nio-9999-exec-9][0;39m [36mc.ssafy.vue.controller.BoardController  [0;39m [2m:[0;39m listMemo - 호출 : 9
[2m2021-11-26 00:12:47.111[0;39m [32m INFO[0;39m [35m1560[0;39m [2m---[0;39m [2m[nio-9999-exec-2][0;39m [36mc.ssafy.vue.controller.BoardController  [0;39m [2m:[0;39m getArticle - 호출 : 9
[2m2021-11-26 00:12:49.994[0;39m [32m INFO[0;39m [35m1560[0;39m [2m---[0;39m [2m[nio-9999-exec-1][0;39m [36mc.ssafy.vue.controller.BoardController  [0;39m [2m:[0;39m listArticle - 호출
[2m2021-11-26 00:12:57.531[0;39m [32m INFO[0;39m [35m1560[0;39m [2m---[0;39m [2m[nio-9999-exec-7][0;39m [36mc.ssafy.vue.controller.BoardController  [0;39m [2m:[0;39m writeArticle - 호출
[2m2021-11-26 00:12:58.393[0;39m [32m INFO[0;39m [35m1560[0;39m [2m---[0;39m [2m[nio-9999-exec-5][0;39m [36mc.ssafy.vue.controller.BoardController  [0;39m [2m:[0;39m listArticle - 호출
[2m2021-11-26 00:12:59.573[0;39m [32m INFO[0;39m [35m1560[0;39m [2m---[0;39m [2m[nio-9999-exec-3][0;39m [36mc.ssafy.vue.controller.BoardController  [0;39m [2m:[0;39m getArticle - 호출 : 10
[2m2021-11-26 00:12:59.573[0;39m [32m INFO[0;39m [35m1560[0;39m [2m---[0;39m [2m[nio-9999-exec-6][0;39m [36mc.ssafy.vue.controller.BoardController  [0;39m [2m:[0;39m listMemo - 호출 : 10
[2m2021-11-26 00:16:12.194[0;39m [32mDEBUG[0;39m [35m1560[0;39m [2m---[0;39m [2m[nio-9999-exec-8][0;39m [36mc.ssafy.vue.controller.MemberController [0;39m [2m:[0;39m 로그인 토큰정보 : eyJ0eXAiOiJKV1QiLCJyZWdEYXRlIjoxNjM3ODUzMzcyMTk0LCJhbGciOiJIUzI1NiJ9.eyJleHAiOjE2Mzc4NTY5NzIsInN1YiI6ImFjY2Vzcy10b2tlbiIsInVzZXJpZCI6InNzYWZ5In0.OpXPC028h8CkKCV0kKCKHTBJT7Y-cRaG7rpdhE8joQI
[2m2021-11-26 00:16:12.224[0;39m [32m INFO[0;39m [35m1560[0;39m [2m---[0;39m [2m[nio-9999-exec-7][0;39m [36mc.ssafy.vue.controller.MemberController [0;39m [2m:[0;39m 사용 가능한 토큰!!!
[2m2021-11-26 00:16:23.567[0;39m [32mDEBUG[0;39m [35m1560[0;39m [2m---[0;39m [2m[nio-9999-exec-3][0;39m [36mc.ssafy.vue.controller.MemberController [0;39m [2m:[0;39m 로그인 토큰정보 : eyJ0eXAiOiJKV1QiLCJyZWdEYXRlIjoxNjM3ODUzMzgzNTY2LCJhbGciOiJIUzI1NiJ9.eyJleHAiOjE2Mzc4NTY5ODMsInN1YiI6ImFjY2Vzcy10b2tlbiIsInVzZXJpZCI6InNzYWZ5MSJ9.JE6Pf5xp2oKtJLYOWVQxOOGGLKcqj6oUlF2E3AIUltc
[2m2021-11-26 00:16:23.602[0;39m [32m INFO[0;39m [35m1560[0;39m [2m---[0;39m [2m[nio-9999-exec-9][0;39m [36mc.ssafy.vue.controller.MemberController [0;39m [2m:[0;39m 사용 가능한 토큰!!!
[2m2021-11-26 00:16:43.039[0;39m [32m INFO[0;39m [35m1560[0;39m [2m---[0;39m [2m[nio-9999-exec-1][0;39m [36mc.ssafy.vue.controller.MemberController [0;39m [2m:[0;39m 회원가입 성공 : 123
[2m2021-11-26 00:16:46.750[0;39m [32mDEBUG[0;39m [35m1560[0;39m [2m---[0;39m [2m[nio-9999-exec-8][0;39m [36mc.ssafy.vue.controller.MemberController [0;39m [2m:[0;39m 로그인 토큰정보 : eyJ0eXAiOiJKV1QiLCJyZWdEYXRlIjoxNjM3ODUzNDA2NzUwLCJhbGciOiJIUzI1NiJ9.eyJleHAiOjE2Mzc4NTcwMDYsInN1YiI6ImFjY2Vzcy10b2tlbiIsInVzZXJpZCI6IjEyMyJ9.YtWCjrjFr9W-cVZ38_ljNmJKkIkUzOLHr7z6rjjjmrQ
[2m2021-11-26 00:16:46.789[0;39m [32m INFO[0;39m [35m1560[0;39m [2m---[0;39m [2m[nio-9999-exec-6][0;39m [36mc.ssafy.vue.controller.MemberController [0;39m [2m:[0;39m 사용 가능한 토큰!!!
[2m2021-11-26 00:16:56.065[0;39m [32m INFO[0;39m [35m1560[0;39m [2m---[0;39m [2m[nio-9999-exec-4][0;39m [36mc.s.vue.controller.HouseMapController   [0;39m [2m:[0;39m sido - 호출
[2m2021-11-26 00:16:57.277[0;39m [32m INFO[0;39m [35m1560[0;39m [2m---[0;39m [2m[nio-9999-exec-9][0;39m [36mc.s.vue.controller.HouseMapController   [0;39m [2m:[0;39m gugun - 호출
[2m2021-11-26 00:16:59.225[0;39m [32m INFO[0;39m [35m1560[0;39m [2m---[0;39m [2m[nio-9999-exec-2][0;39m [36mc.s.vue.controller.HouseMapController   [0;39m [2m:[0;39m gugun - 호출
[2m2021-11-26 00:17:00.357[0;39m [32m INFO[0;39m [35m1560[0;39m [2m---[0;39m [2m[nio-9999-exec-1][0;39m [36mc.s.vue.controller.HouseMapController   [0;39m [2m:[0;39m gugun - 호출
[2m2021-11-26 00:17:04.896[0;39m [32m INFO[0;39m [35m1560[0;39m [2m---[0;39m [2m[nio-9999-exec-7][0;39m [36mc.ssafy.vue.controller.MemberController [0;39m [2m:[0;39m 123
[2m2021-11-26 00:17:04.896[0;39m [32m INFO[0;39m [35m1560[0;39m [2m---[0;39m [2m[nio-9999-exec-7][0;39m [36mc.ssafy.vue.controller.MemberController [0;39m [2m:[0;39m 4113310100
[2m2021-11-26 00:17:04.898[0;39m [32m INFO[0;39m [35m1560[0;39m [2m---[0;39m [2m[nio-9999-exec-7][0;39m [36mc.ssafy.vue.controller.MemberController [0;39m [2m:[0;39m 123
[2m2021-11-26 00:17:04.898[0;39m [32m INFO[0;39m [35m1560[0;39m [2m---[0;39m [2m[nio-9999-exec-7][0;39m [36mc.ssafy.vue.controller.MemberController [0;39m [2m:[0;39m 4113310100
[2m2021-11-26 00:17:04.901[0;39m [32m INFO[0;39m [35m1560[0;39m [2m---[0;39m [2m[nio-9999-exec-7][0;39m [36mc.ssafy.vue.controller.MemberController [0;39m [2m:[0;39m 관심 목록 등록 성공 : 123
[2m2021-11-26 00:17:05.706[0;39m [32m INFO[0;39m [35m1560[0;39m [2m---[0;39m [2m[nio-9999-exec-5][0;39m [36mc.ssafy.vue.controller.MemberController [0;39m [2m:[0;39m 123
[2m2021-11-26 00:17:05.706[0;39m [32m INFO[0;39m [35m1560[0;39m [2m---[0;39m [2m[nio-9999-exec-5][0;39m [36mc.ssafy.vue.controller.MemberController [0;39m [2m:[0;39m 4113310100
[2m2021-11-26 00:17:05.707[0;39m [32m INFO[0;39m [35m1560[0;39m [2m---[0;39m [2m[nio-9999-exec-5][0;39m [36mc.ssafy.vue.controller.MemberController [0;39m [2m:[0;39m dddd
[2m2021-11-26 00:17:05.710[0;39m [32m INFO[0;39m [35m1560[0;39m [2m---[0;39m [2m[nio-9999-exec-5][0;39m [36mc.ssafy.vue.controller.MemberController [0;39m [2m:[0;39m 관심 목록 조회+1 성공 : 123
[2m2021-11-26 00:17:06.477[0;39m [32m INFO[0;39m [35m1560[0;39m [2m---[0;39m [2m[nio-9999-exec-6][0;39m [36mc.ssafy.vue.controller.MemberController [0;39m [2m:[0;39m 123
[2m2021-11-26 00:17:06.477[0;39m [32m INFO[0;39m [35m1560[0;39m [2m---[0;39m [2m[nio-9999-exec-6][0;39m [36mc.ssafy.vue.controller.MemberController [0;39m [2m:[0;39m 4113310100
[2m2021-11-26 00:17:06.478[0;39m [32m INFO[0;39m [35m1560[0;39m [2m---[0;39m [2m[nio-9999-exec-6][0;39m [36mc.ssafy.vue.controller.MemberController [0;39m [2m:[0;39m dddd
[2m2021-11-26 00:17:06.480[0;39m [32m INFO[0;39m [35m1560[0;39m [2m---[0;39m [2m[nio-9999-exec-6][0;39m [36mc.ssafy.vue.controller.MemberController [0;39m [2m:[0;39m 관심 목록 조회+1 성공 : 123
[2m2021-11-26 00:17:07.262[0;39m [32m INFO[0;39m [35m1560[0;39m [2m---[0;39m [2m[nio-9999-exec-3][0;39m [36mc.ssafy.vue.controller.MemberController [0;39m [2m:[0;39m 123
[2m2021-11-26 00:17:07.262[0;39m [32m INFO[0;39m [35m1560[0;39m [2m---[0;39m [2m[nio-9999-exec-3][0;39m [36mc.ssafy.vue.controller.MemberController [0;39m [2m:[0;39m 4113310100
[2m2021-11-26 00:17:07.263[0;39m [32m INFO[0;39m [35m1560[0;39m [2m---[0;39m [2m[nio-9999-exec-3][0;39m [36mc.ssafy.vue.controller.MemberController [0;39m [2m:[0;39m dddd
[2m2021-11-26 00:17:07.265[0;39m [32m INFO[0;39m [35m1560[0;39m [2m---[0;39m [2m[nio-9999-exec-3][0;39m [36mc.ssafy.vue.controller.MemberController [0;39m [2m:[0;39m 관심 목록 조회+1 성공 : 123
[2m2021-11-26 00:17:07.688[0;39m [32m INFO[0;39m [35m1560[0;39m [2m---[0;39m [2m[io-9999-exec-10][0;39m [36mc.ssafy.vue.controller.MemberController [0;39m [2m:[0;39m 123
[2m2021-11-26 00:17:07.688[0;39m [32m INFO[0;39m [35m1560[0;39m [2m---[0;39m [2m[io-9999-exec-10][0;39m [36mc.ssafy.vue.controller.MemberController [0;39m [2m:[0;39m 4113310100
[2m2021-11-26 00:17:07.689[0;39m [32m INFO[0;39m [35m1560[0;39m [2m---[0;39m [2m[io-9999-exec-10][0;39m [36mc.ssafy.vue.controller.MemberController [0;39m [2m:[0;39m dddd
[2m2021-11-26 00:17:07.691[0;39m [32m INFO[0;39m [35m1560[0;39m [2m---[0;39m [2m[io-9999-exec-10][0;39m [36mc.ssafy.vue.controller.MemberController [0;39m [2m:[0;39m 관심 목록 조회+1 성공 : 123
[2m2021-11-26 00:17:08.055[0;39m [32m INFO[0;39m [35m1560[0;39m [2m---[0;39m [2m[nio-9999-exec-4][0;39m [36mc.ssafy.vue.controller.MemberController [0;39m [2m:[0;39m 123
[2m2021-11-26 00:17:08.055[0;39m [32m INFO[0;39m [35m1560[0;39m [2m---[0;39m [2m[nio-9999-exec-4][0;39m [36mc.ssafy.vue.controller.MemberController [0;39m [2m:[0;39m 4113310100
[2m2021-11-26 00:17:08.056[0;39m [32m INFO[0;39m [35m1560[0;39m [2m---[0;39m [2m[nio-9999-exec-4][0;39m [36mc.ssafy.vue.controller.MemberController [0;39m [2m:[0;39m dddd
[2m2021-11-26 00:17:08.058[0;39m [32m INFO[0;39m [35m1560[0;39m [2m---[0;39m [2m[nio-9999-exec-4][0;39m [36mc.ssafy.vue.controller.MemberController [0;39m [2m:[0;39m 관심 목록 조회+1 성공 : 123
[2m2021-11-26 00:17:43.238[0;39m [32m INFO[0;39m [35m1560[0;39m [2m---[0;39m [2m[nio-9999-exec-7][0;39m [36mc.s.vue.controller.HouseMapController   [0;39m [2m:[0;39m sido - 호출
[2m2021-11-26 00:17:44.711[0;39m [32m INFO[0;39m [35m1560[0;39m [2m---[0;39m [2m[nio-9999-exec-5][0;39m [36mc.s.vue.controller.HouseMapController   [0;39m [2m:[0;39m gugun - 호출
[2m2021-11-26 00:17:46.838[0;39m [32m INFO[0;39m [35m1560[0;39m [2m---[0;39m [2m[nio-9999-exec-6][0;39m [36mc.ssafy.vue.controller.MemberController [0;39m [2m:[0;39m 123
[2m2021-11-26 00:17:46.838[0;39m [32m INFO[0;39m [35m1560[0;39m [2m---[0;39m [2m[nio-9999-exec-6][0;39m [36mc.ssafy.vue.controller.MemberController [0;39m [2m:[0;39m 1111011800
[2m2021-11-26 00:17:46.839[0;39m [32m INFO[0;39m [35m1560[0;39m [2m---[0;39m [2m[nio-9999-exec-6][0;39m [36mc.ssafy.vue.controller.MemberController [0;39m [2m:[0;39m 123
[2m2021-11-26 00:17:46.839[0;39m [32m INFO[0;39m [35m1560[0;39m [2m---[0;39m [2m[nio-9999-exec-6][0;39m [36mc.ssafy.vue.controller.MemberController [0;39m [2m:[0;39m 1111011800
[2m2021-11-26 00:17:46.841[0;39m [32m INFO[0;39m [35m1560[0;39m [2m---[0;39m [2m[nio-9999-exec-6][0;39m [36mc.ssafy.vue.controller.MemberController [0;39m [2m:[0;39m 관심 목록 등록 성공 : 123
[2m2021-11-26 00:17:52.948[0;39m [32m INFO[0;39m [35m1560[0;39m [2m---[0;39m [2m[nio-9999-exec-9][0;39m [36mc.s.vue.controller.HouseMapController   [0;39m [2m:[0;39m sido - 호출
[2m2021-11-26 00:17:54.839[0;39m [32m INFO[0;39m [35m1560[0;39m [2m---[0;39m [2m[nio-9999-exec-2][0;39m [36mc.s.vue.controller.HouseMapController   [0;39m [2m:[0;39m gugun - 호출
[2m2021-11-26 00:17:58.178[0;39m [32m INFO[0;39m [35m1560[0;39m [2m---[0;39m [2m[nio-9999-exec-1][0;39m [36mc.ssafy.vue.controller.MemberController [0;39m [2m:[0;39m 123
[2m2021-11-26 00:17:58.179[0;39m [32m INFO[0;39m [35m1560[0;39m [2m---[0;39m [2m[nio-9999-exec-1][0;39m [36mc.ssafy.vue.controller.MemberController [0;39m [2m:[0;39m 4111112900
[2m2021-11-26 00:17:58.179[0;39m [32m INFO[0;39m [35m1560[0;39m [2m---[0;39m [2m[nio-9999-exec-1][0;39m [36mc.ssafy.vue.controller.MemberController [0;39m [2m:[0;39m 123
[2m2021-11-26 00:17:58.180[0;39m [32m INFO[0;39m [35m1560[0;39m [2m---[0;39m [2m[nio-9999-exec-1][0;39m [36mc.ssafy.vue.controller.MemberController [0;39m [2m:[0;39m 4111112900
[2m2021-11-26 00:17:58.182[0;39m [32m INFO[0;39m [35m1560[0;39m [2m---[0;39m [2m[nio-9999-exec-1][0;39m [36mc.ssafy.vue.controller.MemberController [0;39m [2m:[0;39m 관심 목록 등록 성공 : 123
[2m2021-11-26 00:18:21.217[0;39m [32m INFO[0;39m [35m1560[0;39m [2m---[0;39m [2m[nio-9999-exec-5][0;39m [36mc.s.vue.controller.HouseMapController   [0;39m [2m:[0;39m sido - 호출
[2m2021-11-26 00:19:35.061[0;39m [32m INFO[0;39m [35m1560[0;39m [2m---[0;39m [2m[nio-9999-exec-3][0;39m [36mc.s.vue.controller.HouseMapController   [0;39m [2m:[0;39m gugun - 호출
[2m2021-11-26 00:19:37.188[0;39m [32m INFO[0;39m [35m1560[0;39m [2m---[0;39m [2m[io-9999-exec-10][0;39m [36mc.s.vue.controller.HouseMapController   [0;39m [2m:[0;39m gugun - 호출
[2m2021-11-26 00:19:42.426[0;39m [32m INFO[0;39m [35m1560[0;39m [2m---[0;39m [2m[nio-9999-exec-4][0;39m [36mc.ssafy.vue.controller.MemberController [0;39m [2m:[0;39m 123
[2m2021-11-26 00:19:42.426[0;39m [32m INFO[0;39m [35m1560[0;39m [2m---[0;39m [2m[nio-9999-exec-4][0;39m [36mc.ssafy.vue.controller.MemberController [0;39m [2m:[0;39m 2611010100
[2m2021-11-26 00:19:42.427[0;39m [32m INFO[0;39m [35m1560[0;39m [2m---[0;39m [2m[nio-9999-exec-4][0;39m [36mc.ssafy.vue.controller.MemberController [0;39m [2m:[0;39m 123
[2m2021-11-26 00:19:42.427[0;39m [32m INFO[0;39m [35m1560[0;39m [2m---[0;39m [2m[nio-9999-exec-4][0;39m [36mc.ssafy.vue.controller.MemberController [0;39m [2m:[0;39m 2611010100
[2m2021-11-26 00:19:42.430[0;39m [32m INFO[0;39m [35m1560[0;39m [2m---[0;39m [2m[nio-9999-exec-4][0;39m [36mc.ssafy.vue.controller.MemberController [0;39m [2m:[0;39m 관심 목록 등록 성공 : 123
[2m2021-11-26 00:19:48.916[0;39m [32m INFO[0;39m [35m1560[0;39m [2m---[0;39m [2m[nio-9999-exec-1][0;39m [36mc.s.vue.controller.HouseMapController   [0;39m [2m:[0;39m sido - 호출
[2m2021-11-26 00:19:51.136[0;39m [32m INFO[0;39m [35m1560[0;39m [2m---[0;39m [2m[nio-9999-exec-8][0;39m [36mc.s.vue.controller.HouseMapController   [0;39m [2m:[0;39m gugun - 호출
[2m2021-11-26 00:19:53.479[0;39m [32m INFO[0;39m [35m1560[0;39m [2m---[0;39m [2m[nio-9999-exec-7][0;39m [36mc.ssafy.vue.controller.MemberController [0;39m [2m:[0;39m 123
[2m2021-11-26 00:19:53.479[0;39m [32m INFO[0;39m [35m1560[0;39m [2m---[0;39m [2m[nio-9999-exec-7][0;39m [36mc.ssafy.vue.controller.MemberController [0;39m [2m:[0;39m 2711010100
[2m2021-11-26 00:19:53.480[0;39m [32m INFO[0;39m [35m1560[0;39m [2m---[0;39m [2m[nio-9999-exec-7][0;39m [36mc.ssafy.vue.controller.MemberController [0;39m [2m:[0;39m 123
[2m2021-11-26 00:19:53.480[0;39m [32m INFO[0;39m [35m1560[0;39m [2m---[0;39m [2m[nio-9999-exec-7][0;39m [36mc.ssafy.vue.controller.MemberController [0;39m [2m:[0;39m 2711010100
[2m2021-11-26 00:19:53.483[0;39m [32m INFO[0;39m [35m1560[0;39m [2m---[0;39m [2m[nio-9999-exec-7][0;39m [36mc.ssafy.vue.controller.MemberController [0;39m [2m:[0;39m 관심 목록 등록 성공 : 123
[2m2021-11-26 00:19:58.304[0;39m [32m INFO[0;39m [35m1560[0;39m [2m---[0;39m [2m[nio-9999-exec-3][0;39m [36mc.s.vue.controller.HouseMapController   [0;39m [2m:[0;39m sido - 호출
[2m2021-11-26 00:19:59.875[0;39m [32m INFO[0;39m [35m1560[0;39m [2m---[0;39m [2m[io-9999-exec-10][0;39m [36mc.s.vue.controller.HouseMapController   [0;39m [2m:[0;39m gugun - 호출
[2m2021-11-26 00:20:04.236[0;39m [32m INFO[0;39m [35m1560[0;39m [2m---[0;39m [2m[nio-9999-exec-4][0;39m [36mc.ssafy.vue.controller.MemberController [0;39m [2m:[0;39m 123
[2m2021-11-26 00:20:04.236[0;39m [32m INFO[0;39m [35m1560[0;39m [2m---[0;39m [2m[nio-9999-exec-4][0;39m [36mc.ssafy.vue.controller.MemberController [0;39m [2m:[0;39m 4113310300
[2m2021-11-26 00:20:04.237[0;39m [32m INFO[0;39m [35m1560[0;39m [2m---[0;39m [2m[nio-9999-exec-4][0;39m [36mc.ssafy.vue.controller.MemberController [0;39m [2m:[0;39m 123
[2m2021-11-26 00:20:04.237[0;39m [32m INFO[0;39m [35m1560[0;39m [2m---[0;39m [2m[nio-9999-exec-4][0;39m [36mc.ssafy.vue.controller.MemberController [0;39m [2m:[0;39m 4113310300
[2m2021-11-26 00:20:04.240[0;39m [32m INFO[0;39m [35m1560[0;39m [2m---[0;39m [2m[nio-9999-exec-4][0;39m [36mc.ssafy.vue.controller.MemberController [0;39m [2m:[0;39m 관심 목록 등록 성공 : 123
[2m2021-11-26 00:20:04.873[0;39m [32m INFO[0;39m [35m1560[0;39m [2m---[0;39m [2m[nio-9999-exec-9][0;39m [36mc.ssafy.vue.controller.MemberController [0;39m [2m:[0;39m 123
[2m2021-11-26 00:20:04.873[0;39m [32m INFO[0;39m [35m1560[0;39m [2m---[0;39m [2m[nio-9999-exec-9][0;39m [36mc.ssafy.vue.controller.MemberController [0;39m [2m:[0;39m 4113310300
[2m2021-11-26 00:20:04.874[0;39m [32m INFO[0;39m [35m1560[0;39m [2m---[0;39m [2m[nio-9999-exec-9][0;39m [36mc.ssafy.vue.controller.MemberController [0;39m [2m:[0;39m dddd
[2m2021-11-26 00:20:04.876[0;39m [32m INFO[0;39m [35m1560[0;39m [2m---[0;39m [2m[nio-9999-exec-9][0;39m [36mc.ssafy.vue.controller.MemberController [0;39m [2m:[0;39m 관심 목록 조회+1 성공 : 123
[2m2021-11-26 00:20:05.102[0;39m [32m INFO[0;39m [35m1560[0;39m [2m---[0;39m [2m[nio-9999-exec-2][0;39m [36mc.ssafy.vue.controller.MemberController [0;39m [2m:[0;39m 123
[2m2021-11-26 00:20:05.102[0;39m [32m INFO[0;39m [35m1560[0;39m [2m---[0;39m [2m[nio-9999-exec-2][0;39m [36mc.ssafy.vue.controller.MemberController [0;39m [2m:[0;39m 4113310300
[2m2021-11-26 00:20:05.103[0;39m [32m INFO[0;39m [35m1560[0;39m [2m---[0;39m [2m[nio-9999-exec-2][0;39m [36mc.ssafy.vue.controller.MemberController [0;39m [2m:[0;39m dddd
[2m2021-11-26 00:20:05.105[0;39m [32m INFO[0;39m [35m1560[0;39m [2m---[0;39m [2m[nio-9999-exec-2][0;39m [36mc.ssafy.vue.controller.MemberController [0;39m [2m:[0;39m 관심 목록 조회+1 성공 : 123
[2m2021-11-26 00:20:05.306[0;39m [32m INFO[0;39m [35m1560[0;39m [2m---[0;39m [2m[nio-9999-exec-1][0;39m [36mc.ssafy.vue.controller.MemberController [0;39m [2m:[0;39m 123
[2m2021-11-26 00:20:05.306[0;39m [32m INFO[0;39m [35m1560[0;39m [2m---[0;39m [2m[nio-9999-exec-1][0;39m [36mc.ssafy.vue.controller.MemberController [0;39m [2m:[0;39m 4113310300
[2m2021-11-26 00:20:05.307[0;39m [32m INFO[0;39m [35m1560[0;39m [2m---[0;39m [2m[nio-9999-exec-1][0;39m [36mc.ssafy.vue.controller.MemberController [0;39m [2m:[0;39m dddd
[2m2021-11-26 00:20:05.309[0;39m [32m INFO[0;39m [35m1560[0;39m [2m---[0;39m [2m[nio-9999-exec-1][0;39m [36mc.ssafy.vue.controller.MemberController [0;39m [2m:[0;39m 관심 목록 조회+1 성공 : 123
[2m2021-11-26 00:20:05.592[0;39m [32m INFO[0;39m [35m1560[0;39m [2m---[0;39m [2m[nio-9999-exec-8][0;39m [36mc.ssafy.vue.controller.MemberController [0;39m [2m:[0;39m 123
[2m2021-11-26 00:20:05.592[0;39m [32m INFO[0;39m [35m1560[0;39m [2m---[0;39m [2m[nio-9999-exec-8][0;39m [36mc.ssafy.vue.controller.MemberController [0;39m [2m:[0;39m 4113310300
[2m2021-11-26 00:20:05.593[0;39m [32m INFO[0;39m [35m1560[0;39m [2m---[0;39m [2m[nio-9999-exec-8][0;39m [36mc.ssafy.vue.controller.MemberController [0;39m [2m:[0;39m dddd
[2m2021-11-26 00:20:05.594[0;39m [32m INFO[0;39m [35m1560[0;39m [2m---[0;39m [2m[nio-9999-exec-8][0;39m [36mc.ssafy.vue.controller.MemberController [0;39m [2m:[0;39m 관심 목록 조회+1 성공 : 123
[2m2021-11-26 00:20:05.840[0;39m [32m INFO[0;39m [35m1560[0;39m [2m---[0;39m [2m[nio-9999-exec-7][0;39m [36mc.ssafy.vue.controller.MemberController [0;39m [2m:[0;39m 123
[2m2021-11-26 00:20:05.841[0;39m [32m INFO[0;39m [35m1560[0;39m [2m---[0;39m [2m[nio-9999-exec-7][0;39m [36mc.ssafy.vue.controller.MemberController [0;39m [2m:[0;39m 4113310300
[2m2021-11-26 00:20:05.841[0;39m [32m INFO[0;39m [35m1560[0;39m [2m---[0;39m [2m[nio-9999-exec-7][0;39m [36mc.ssafy.vue.controller.MemberController [0;39m [2m:[0;39m dddd
[2m2021-11-26 00:20:05.843[0;39m [32m INFO[0;39m [35m1560[0;39m [2m---[0;39m [2m[nio-9999-exec-7][0;39m [36mc.ssafy.vue.controller.MemberController [0;39m [2m:[0;39m 관심 목록 조회+1 성공 : 123
[2m2021-11-26 00:20:06.690[0;39m [32m INFO[0;39m [35m1560[0;39m [2m---[0;39m [2m[nio-9999-exec-5][0;39m [36mc.ssafy.vue.controller.MemberController [0;39m [2m:[0;39m 123
[2m2021-11-26 00:20:06.690[0;39m [32m INFO[0;39m [35m1560[0;39m [2m---[0;39m [2m[nio-9999-exec-5][0;39m [36mc.ssafy.vue.controller.MemberController [0;39m [2m:[0;39m 4113310300
[2m2021-11-26 00:20:06.691[0;39m [32m INFO[0;39m [35m1560[0;39m [2m---[0;39m [2m[nio-9999-exec-5][0;39m [36mc.ssafy.vue.controller.MemberController [0;39m [2m:[0;39m dddd
[2m2021-11-26 00:20:06.693[0;39m [32m INFO[0;39m [35m1560[0;39m [2m---[0;39m [2m[nio-9999-exec-5][0;39m [36mc.ssafy.vue.controller.MemberController [0;39m [2m:[0;39m 관심 목록 조회+1 성공 : 123
[2m2021-11-26 00:20:07.259[0;39m [32m INFO[0;39m [35m1560[0;39m [2m---[0;39m [2m[nio-9999-exec-6][0;39m [36mc.ssafy.vue.controller.MemberController [0;39m [2m:[0;39m 123
[2m2021-11-26 00:20:07.259[0;39m [32m INFO[0;39m [35m1560[0;39m [2m---[0;39m [2m[nio-9999-exec-6][0;39m [36mc.ssafy.vue.controller.MemberController [0;39m [2m:[0;39m 4113310300
[2m2021-11-26 00:20:07.260[0;39m [32m INFO[0;39m [35m1560[0;39m [2m---[0;39m [2m[nio-9999-exec-6][0;39m [36mc.ssafy.vue.controller.MemberController [0;39m [2m:[0;39m dddd
[2m2021-11-26 00:20:07.262[0;39m [32m INFO[0;39m [35m1560[0;39m [2m---[0;39m [2m[nio-9999-exec-6][0;39m [36mc.ssafy.vue.controller.MemberController [0;39m [2m:[0;39m 관심 목록 조회+1 성공 : 123
[2m2021-11-26 00:20:19.514[0;39m [32m INFO[0;39m [35m1560[0;39m [2m---[0;39m [2m[nio-9999-exec-4][0;39m [36mc.ssafy.vue.controller.NoticeController [0;39m [2m:[0;39m listNotice - 호출
